2026-04-06 01:31:55 [main] INFO  com.naveen.base.BaseTest - Starting test: verifyHomePageTitle
2026-04-06 01:31:55 [main] INFO  com.naveen.base.BaseTest - Launching browser: chrome
2026-04-06 01:31:59 [main] INFO  com.naveen.base.BaseTest - Navigated to: https://www.saucedemo.com
2026-04-06 01:31:59 [main] INFO  com.naveen.tests.SmokeTest - Page title is: Swag Labs
2026-04-06 01:31:59 [main] INFO  com.naveen.tests.SmokeTest - Smoke test passed - Swag Labs title verified
2026-04-06 01:31:59 [main] INFO  com.naveen.base.BaseTest - Test PASSED: verifyHomePageTitle
2026-04-06 01:31:59 [main] INFO  com.naveen.base.BaseTest - Browser closed
2026-04-06 01:35:50 [main] INFO  com.naveen.base.BaseTest - Starting test: verifyHomePageTitle
2026-04-06 01:35:50 [main] INFO  com.naveen.base.BaseTest - Launching browser: chrome
2026-04-06 01:35:54 [main] INFO  com.naveen.base.BaseTest - Navigated to: https://www.saucedemo.com
2026-04-06 01:35:54 [main] INFO  com.naveen.tests.SmokeTest - Page title is: Swag Labs
2026-04-06 01:35:54 [main] INFO  com.naveen.tests.SmokeTest - Smoke test passed - Swag Labs title verified
2026-04-06 01:35:54 [main] INFO  com.naveen.base.BaseTest - Test PASSED: verifyHomePageTitle
2026-04-06 01:35:54 [main] INFO  com.naveen.base.BaseTest - Browser closed
2026-04-06 01:36:01 [TestNG-test-Login Tests-1] INFO  com.naveen.base.BaseTest - Starting test: verifyEmptyUsername
2026-04-06 01:36:01 [TestNG-test-Login Tests-1] INFO  com.naveen.base.BaseTest - Launching browser: chrome
2026-04-06 01:36:03 [TestNG-test-Login Tests-1] INFO  com.naveen.base.BaseTest - Navigated to: https://www.saucedemo.com
2026-04-06 01:36:03 [TestNG-test-Login Tests-1] INFO  com.naveen.pages.LoginPage - Clicked login button
2026-04-06 01:36:03 [TestNG-test-Login Tests-1] INFO  com.naveen.pages.LoginPage - Error message: Epic sadface: Username is required
2026-04-06 01:36:03 [TestNG-test-Login Tests-1] INFO  com.naveen.tests.LoginTest - Verified empty username error: Epic sadface: Username is required
2026-04-06 01:36:03 [TestNG-test-Login Tests-1] INFO  com.naveen.base.BaseTest - Test PASSED: verifyEmptyUsername
2026-04-06 01:36:03 [TestNG-test-Login Tests-1] INFO  com.naveen.base.BaseTest - Browser closed
2026-04-06 01:36:03 [TestNG-test-Login Tests-1] INFO  com.naveen.base.BaseTest - Starting test: verifyInvalidPassword
2026-04-06 01:36:03 [TestNG-test-Login Tests-1] INFO  com.naveen.base.BaseTest - Launching browser: chrome
2026-04-06 01:36:05 [TestNG-test-Login Tests-1] INFO  com.naveen.base.BaseTest - Navigated to: https://www.saucedemo.com
2026-04-06 01:36:05 [TestNG-test-Login Tests-1] INFO  com.naveen.pages.LoginPage - Entered username: standard_user
2026-04-06 01:36:05 [TestNG-test-Login Tests-1] INFO  com.naveen.pages.LoginPage - Entered password
2026-04-06 01:36:05 [TestNG-test-Login Tests-1] INFO  com.naveen.pages.LoginPage - Clicked login button
2026-04-06 01:36:05 [TestNG-test-Login Tests-1] INFO  com.naveen.pages.LoginPage - Error message: Epic sadface: Username and password do not match any user in this service
2026-04-06 01:36:05 [TestNG-test-Login Tests-1] INFO  com.naveen.tests.LoginTest - Verified invalid password error: Epic sadface: Username and password do not match any user in this service
2026-04-06 01:36:05 [TestNG-test-Login Tests-1] INFO  com.naveen.base.BaseTest - Test PASSED: verifyInvalidPassword
2026-04-06 01:36:05 [TestNG-test-Login Tests-1] INFO  com.naveen.base.BaseTest - Browser closed
2026-04-06 01:36:05 [TestNG-test-Login Tests-1] INFO  com.naveen.base.BaseTest - Starting test: verifyLockedOutUser
2026-04-06 01:36:05 [TestNG-test-Login Tests-1] INFO  com.naveen.base.BaseTest - Launching browser: chrome
2026-04-06 01:36:07 [TestNG-test-Login Tests-1] INFO  com.naveen.base.BaseTest - Navigated to: https://www.saucedemo.com
2026-04-06 01:36:07 [TestNG-test-Login Tests-1] INFO  com.naveen.pages.LoginPage - Entered username: locked_out_user
2026-04-06 01:36:07 [TestNG-test-Login Tests-1] INFO  com.naveen.pages.LoginPage - Entered password
2026-04-06 01:36:07 [TestNG-test-Login Tests-1] INFO  com.naveen.pages.LoginPage - Clicked login button
2026-04-06 01:36:07 [TestNG-test-Login Tests-1] INFO  com.naveen.pages.LoginPage - Error message: Epic sadface: Sorry, this user has been locked out.
2026-04-06 01:36:07 [TestNG-test-Login Tests-1] INFO  com.naveen.tests.LoginTest - Verified locked out user error: Epic sadface: Sorry, this user has been locked out.
2026-04-06 01:36:07 [TestNG-test-Login Tests-1] INFO  com.naveen.base.BaseTest - Test PASSED: verifyLockedOutUser
2026-04-06 01:36:07 [TestNG-test-Login Tests-1] INFO  com.naveen.base.BaseTest - Browser closed
2026-04-06 01:36:07 [TestNG-test-Login Tests-1] INFO  com.naveen.base.BaseTest - Starting test: verifySuccessfulLogin
2026-04-06 01:36:07 [TestNG-test-Login Tests-1] INFO  com.naveen.base.BaseTest - Launching browser: chrome
2026-04-06 01:36:09 [TestNG-test-Login Tests-1] INFO  com.naveen.base.BaseTest - Navigated to: https://www.saucedemo.com
2026-04-06 01:36:09 [TestNG-test-Login Tests-1] INFO  com.naveen.pages.LoginPage - Entered username: standard_user
2026-04-06 01:36:09 [TestNG-test-Login Tests-1] INFO  com.naveen.pages.LoginPage - Entered password
2026-04-06 01:36:09 [TestNG-test-Login Tests-1] INFO  com.naveen.pages.LoginPage - Clicked login button
2026-04-06 01:36:09 [TestNG-test-Login Tests-1] INFO  com.naveen.tests.LoginTest - Verified successful login
2026-04-06 01:36:09 [TestNG-test-Login Tests-1] INFO  com.naveen.base.BaseTest - Test PASSED: verifySuccessfulLogin
2026-04-06 01:36:09 [TestNG-test-Login Tests-1] INFO  com.naveen.base.BaseTest - Browser closed
2026-04-06 01:36:09 [TestNG-test-Checkout Tests-1] INFO  com.naveen.base.BaseTest - Starting test: verifyCartBadgeCount
2026-04-06 01:36:09 [TestNG-test-Checkout Tests-1] INFO  com.naveen.base.BaseTest - Launching browser: chrome
2026-04-06 01:36:11 [TestNG-test-Checkout Tests-1] INFO  com.naveen.base.BaseTest - Navigated to: https://www.saucedemo.com
2026-04-06 01:36:11 [TestNG-test-Checkout Tests-1] INFO  com.naveen.pages.LoginPage - Entered username: standard_user
2026-04-06 01:36:11 [TestNG-test-Checkout Tests-1] INFO  com.naveen.pages.LoginPage - Entered password
2026-04-06 01:36:11 [TestNG-test-Checkout Tests-1] INFO  com.naveen.pages.LoginPage - Clicked login button
2026-04-06 01:36:11 [TestNG-test-Checkout Tests-1] INFO  com.naveen.pages.ProductsPage - Added Sauce Labs Backpack to cart
2026-04-06 01:36:11 [TestNG-test-Checkout Tests-1] INFO  com.naveen.pages.ProductsPage - Cart badge count: 1
2026-04-06 01:36:11 [TestNG-test-Checkout Tests-1] INFO  com.naveen.tests.CheckoutTest - Verified cart badge count is 1
2026-04-06 01:36:11 [TestNG-test-Checkout Tests-1] INFO  com.naveen.base.BaseTest - Test PASSED: verifyCartBadgeCount
2026-04-06 01:36:11 [TestNG-test-Checkout Tests-1] INFO  com.naveen.base.BaseTest - Browser closed
2026-04-06 01:36:11 [TestNG-test-Checkout Tests-1] INFO  com.naveen.base.BaseTest - Starting test: verifyCartItemDisplayed
2026-04-06 01:36:11 [TestNG-test-Checkout Tests-1] INFO  com.naveen.base.BaseTest - Launching browser: chrome
2026-04-06 01:36:13 [TestNG-test-Checkout Tests-1] INFO  com.naveen.base.BaseTest - Navigated to: https://www.saucedemo.com
2026-04-06 01:36:13 [TestNG-test-Checkout Tests-1] INFO  com.naveen.pages.LoginPage - Entered username: standard_user
2026-04-06 01:36:13 [TestNG-test-Checkout Tests-1] INFO  com.naveen.pages.LoginPage - Entered password
2026-04-06 01:36:13 [TestNG-test-Checkout Tests-1] INFO  com.naveen.pages.LoginPage - Clicked login button
2026-04-06 01:36:13 [TestNG-test-Checkout Tests-1] INFO  com.naveen.pages.ProductsPage - Added Sauce Labs Backpack to cart
2026-04-06 01:36:13 [TestNG-test-Checkout Tests-1] INFO  com.naveen.pages.ProductsPage - Clicked cart icon
2026-04-06 01:36:13 [TestNG-test-Checkout Tests-1] INFO  com.naveen.pages.CartPage - Cart item displayed: true
2026-04-06 01:36:13 [TestNG-test-Checkout Tests-1] INFO  com.naveen.pages.CartPage - Cart item name: Sauce Labs Backpack
2026-04-06 01:36:13 [TestNG-test-Checkout Tests-1] INFO  com.naveen.tests.CheckoutTest - Verified cart item is displayed correctly
2026-04-06 01:36:13 [TestNG-test-Checkout Tests-1] INFO  com.naveen.base.BaseTest - Test PASSED: verifyCartItemDisplayed
2026-04-06 01:36:14 [TestNG-test-Checkout Tests-1] INFO  com.naveen.base.BaseTest - Browser closed
2026-04-06 01:36:14 [TestNG-test-Checkout Tests-1] INFO  com.naveen.base.BaseTest - Starting test: verifyCheckoutWithEmptyInfo
2026-04-06 01:36:14 [TestNG-test-Checkout Tests-1] INFO  com.naveen.base.BaseTest - Launching browser: chrome
2026-04-06 01:36:15 [TestNG-test-Checkout Tests-1] INFO  com.naveen.base.BaseTest - Navigated to: https://www.saucedemo.com
2026-04-06 01:36:15 [TestNG-test-Checkout Tests-1] INFO  com.naveen.pages.LoginPage - Entered username: standard_user
2026-04-06 01:36:15 [TestNG-test-Checkout Tests-1] INFO  com.naveen.pages.LoginPage - Entered password
2026-04-06 01:36:15 [TestNG-test-Checkout Tests-1] INFO  com.naveen.pages.LoginPage - Clicked login button
2026-04-06 01:36:15 [TestNG-test-Checkout Tests-1] INFO  com.naveen.pages.ProductsPage - Added Sauce Labs Backpack to cart
2026-04-06 01:36:16 [TestNG-test-Checkout Tests-1] INFO  com.naveen.pages.ProductsPage - Clicked cart icon
2026-04-06 01:36:16 [TestNG-test-Checkout Tests-1] INFO  com.naveen.pages.CartPage - Clicked checkout button
2026-04-06 01:36:16 [TestNG-test-Checkout Tests-1] INFO  com.naveen.pages.CartPage - Checkout step one URL confirmed
2026-04-06 01:36:16 [TestNG-test-Checkout Tests-1] INFO  com.naveen.pages.CheckoutPage - Clicked continue button
2026-04-06 01:36:16 [TestNG-test-Checkout Tests-1] INFO  com.naveen.pages.CheckoutPage - Error message: Error: First Name is required
2026-04-06 01:36:16 [TestNG-test-Checkout Tests-1] INFO  com.naveen.tests.CheckoutTest - Verified empty checkout info error: Error: First Name is required
2026-04-06 01:36:16 [TestNG-test-Checkout Tests-1] INFO  com.naveen.base.BaseTest - Test PASSED: verifyCheckoutWithEmptyInfo
2026-04-06 01:36:16 [TestNG-test-Checkout Tests-1] INFO  com.naveen.base.BaseTest - Browser closed
2026-04-06 01:36:16 [TestNG-test-Checkout Tests-1] INFO  com.naveen.base.BaseTest - Starting test: verifySuccessfulCheckout
2026-04-06 01:36:16 [TestNG-test-Checkout Tests-1] INFO  com.naveen.base.BaseTest - Launching browser: chrome
2026-04-06 01:36:18 [TestNG-test-Checkout Tests-1] INFO  com.naveen.base.BaseTest - Navigated to: https://www.saucedemo.com
2026-04-06 01:36:18 [TestNG-test-Checkout Tests-1] INFO  com.naveen.pages.LoginPage - Entered username: standard_user
2026-04-06 01:36:18 [TestNG-test-Checkout Tests-1] INFO  com.naveen.pages.LoginPage - Entered password
2026-04-06 01:36:18 [TestNG-test-Checkout Tests-1] INFO  com.naveen.pages.LoginPage - Clicked login button
2026-04-06 01:36:18 [TestNG-test-Checkout Tests-1] INFO  com.naveen.pages.ProductsPage - Added Sauce Labs Backpack to cart
2026-04-06 01:36:18 [TestNG-test-Checkout Tests-1] INFO  com.naveen.pages.ProductsPage - Clicked cart icon
2026-04-06 01:36:18 [TestNG-test-Checkout Tests-1] INFO  com.naveen.pages.CartPage - Clicked checkout button
2026-04-06 01:36:18 [TestNG-test-Checkout Tests-1] INFO  com.naveen.pages.CartPage - Checkout step one URL confirmed
2026-04-06 01:36:18 [TestNG-test-Checkout Tests-1] INFO  com.naveen.pages.CheckoutPage - Entered first name: John
2026-04-06 01:36:18 [TestNG-test-Checkout Tests-1] INFO  com.naveen.pages.CheckoutPage - Entered last name: Doe
2026-04-06 01:36:18 [TestNG-test-Checkout Tests-1] INFO  com.naveen.pages.CheckoutPage - Entered zip code: 12345
2026-04-06 01:36:18 [TestNG-test-Checkout Tests-1] INFO  com.naveen.pages.CheckoutPage - Filled shipping info for: John Doe
2026-04-06 01:36:18 [TestNG-test-Checkout Tests-1] INFO  com.naveen.pages.CheckoutPage - Clicked continue button
2026-04-06 01:36:18 [TestNG-test-Checkout Tests-1] INFO  com.naveen.pages.CheckoutPage - Clicked finish button
2026-04-06 01:36:18 [TestNG-test-Checkout Tests-1] INFO  com.naveen.pages.OrderConfirmationPage - Order confirmed: true
2026-04-06 01:36:18 [TestNG-test-Checkout Tests-1] INFO  com.naveen.tests.CheckoutTest - Verified successful checkout
2026-04-06 01:36:18 [TestNG-test-Checkout Tests-1] INFO  com.naveen.base.BaseTest - Test PASSED: verifySuccessfulCheckout
2026-04-06 01:36:18 [TestNG-test-Checkout Tests-1] INFO  com.naveen.base.BaseTest - Browser closed
2026-04-06 01:36:18 [TestNG-test-Smoke Tests-1] INFO  com.naveen.base.BaseTest - Starting test: verifyCheckoutFlow
2026-04-06 01:36:18 [TestNG-test-Smoke Tests-1] INFO  com.naveen.base.BaseTest - Launching browser: chrome
2026-04-06 01:36:20 [TestNG-test-Smoke Tests-1] INFO  com.naveen.base.BaseTest - Navigated to: https://www.saucedemo.com
2026-04-06 01:36:20 [TestNG-test-Smoke Tests-1] INFO  com.naveen.pages.LoginPage - Entered username: standard_user
2026-04-06 01:36:20 [TestNG-test-Smoke Tests-1] INFO  com.naveen.pages.LoginPage - Entered password
2026-04-06 01:36:20 [TestNG-test-Smoke Tests-1] INFO  com.naveen.pages.LoginPage - Clicked login button
2026-04-06 01:36:20 [TestNG-test-Smoke Tests-1] INFO  com.naveen.pages.ProductsPage - Added Sauce Labs Backpack to cart
2026-04-06 01:36:20 [TestNG-test-Smoke Tests-1] INFO  com.naveen.pages.ProductsPage - Cart badge count: 1
2026-04-06 01:36:20 [TestNG-test-Smoke Tests-1] INFO  com.naveen.pages.ProductsPage - Clicked cart icon
2026-04-06 01:36:21 [TestNG-test-Smoke Tests-1] INFO  com.naveen.pages.CartPage - Cart item displayed: true
2026-04-06 01:36:21 [TestNG-test-Smoke Tests-1] INFO  com.naveen.pages.CartPage - Clicked checkout button
2026-04-06 01:36:21 [TestNG-test-Smoke Tests-1] INFO  com.naveen.pages.CartPage - Checkout step one URL confirmed
2026-04-06 01:36:21 [TestNG-test-Smoke Tests-1] INFO  com.naveen.pages.CheckoutPage - Entered first name: John
2026-04-06 01:36:21 [TestNG-test-Smoke Tests-1] INFO  com.naveen.pages.CheckoutPage - Entered last name: Doe
2026-04-06 01:36:21 [TestNG-test-Smoke Tests-1] INFO  com.naveen.pages.CheckoutPage - Entered zip code: 12345
2026-04-06 01:36:21 [TestNG-test-Smoke Tests-1] INFO  com.naveen.pages.CheckoutPage - Filled shipping info for: John Doe
2026-04-06 01:36:21 [TestNG-test-Smoke Tests-1] INFO  com.naveen.pages.CheckoutPage - Clicked continue button
2026-04-06 01:36:21 [TestNG-test-Smoke Tests-1] INFO  com.naveen.pages.CheckoutPage - Clicked finish button
2026-04-06 01:36:41 [TestNG-test-Smoke Tests-1] WARN  com.naveen.utils.RetryAnalyzer - Retrying test: verifyCheckoutFlow (attempt 1)
2026-04-06 01:36:41 [TestNG-test-Smoke Tests-1] INFO  com.naveen.base.BaseTest - Test PASSED: verifyCheckoutFlow
2026-04-06 01:36:54 [TestNG-test-Smoke Tests-1] INFO  com.naveen.base.BaseTest - Browser closed
2026-04-06 01:36:54 [TestNG-test-Smoke Tests-1] INFO  com.naveen.base.BaseTest - Starting test: verifyCheckoutFlow
2026-04-06 01:36:54 [TestNG-test-Smoke Tests-1] INFO  com.naveen.base.BaseTest - Launching browser: chrome
2026-04-06 01:36:56 [TestNG-test-Smoke Tests-1] INFO  com.naveen.base.BaseTest - Navigated to: https://www.saucedemo.com
2026-04-06 01:36:56 [TestNG-test-Smoke Tests-1] INFO  com.naveen.pages.LoginPage - Entered username: standard_user
2026-04-06 01:36:56 [TestNG-test-Smoke Tests-1] INFO  com.naveen.pages.LoginPage - Entered password
2026-04-06 01:36:56 [TestNG-test-Smoke Tests-1] INFO  com.naveen.pages.LoginPage - Clicked login button
2026-04-06 01:36:56 [TestNG-test-Smoke Tests-1] INFO  com.naveen.pages.ProductsPage - Added Sauce Labs Backpack to cart
2026-04-06 01:36:56 [TestNG-test-Smoke Tests-1] INFO  com.naveen.pages.ProductsPage - Cart badge count: 1
2026-04-06 01:36:56 [TestNG-test-Smoke Tests-1] INFO  com.naveen.pages.ProductsPage - Clicked cart icon
2026-04-06 01:36:56 [TestNG-test-Smoke Tests-1] INFO  com.naveen.pages.CartPage - Cart item displayed: true
2026-04-06 01:36:56 [TestNG-test-Smoke Tests-1] INFO  com.naveen.pages.CartPage - Clicked checkout button
2026-04-06 01:36:56 [TestNG-test-Smoke Tests-1] INFO  com.naveen.pages.CartPage - Checkout step one URL confirmed
2026-04-06 01:36:56 [TestNG-test-Smoke Tests-1] INFO  com.naveen.pages.CheckoutPage - Entered first name: John
2026-04-06 01:36:56 [TestNG-test-Smoke Tests-1] INFO  com.naveen.pages.CheckoutPage - Entered last name: Doe
2026-04-06 01:36:56 [TestNG-test-Smoke Tests-1] INFO  com.naveen.pages.CheckoutPage - Entered zip code: 12345
2026-04-06 01:36:56 [TestNG-test-Smoke Tests-1] INFO  com.naveen.pages.CheckoutPage - Filled shipping info for: John Doe
2026-04-06 01:36:56 [TestNG-test-Smoke Tests-1] INFO  com.naveen.pages.CheckoutPage - Clicked continue button
2026-04-06 01:36:56 [TestNG-test-Smoke Tests-1] INFO  com.naveen.pages.CheckoutPage - Clicked finish button
2026-04-06 01:37:17 [TestNG-test-Smoke Tests-1] INFO  com.naveen.utils.ScreenshotUtils - Screenshot saved: test-output/screenshots/verifyCheckoutFlow_2026-04-06_01-37-17.png
2026-04-06 01:37:17 [TestNG-test-Smoke Tests-1] ERROR com.naveen.base.BaseTest - Test FAILED: verifyCheckoutFlow
2026-04-06 01:37:30 [TestNG-test-Smoke Tests-1] INFO  com.naveen.base.BaseTest - Browser closed
2026-04-06 01:37:30 [TestNG-test-Smoke Tests-1] INFO  com.naveen.base.BaseTest - Starting test: verifyHomePageTitle
2026-04-06 01:37:30 [TestNG-test-Smoke Tests-1] INFO  com.naveen.base.BaseTest - Launching browser: chrome
2026-04-06 01:37:32 [TestNG-test-Smoke Tests-1] INFO  com.naveen.base.BaseTest - Navigated to: https://www.saucedemo.com
2026-04-06 01:37:32 [TestNG-test-Smoke Tests-1] INFO  com.naveen.tests.SmokeTest - Page title is: Swag Labs
2026-04-06 01:37:32 [TestNG-test-Smoke Tests-1] INFO  com.naveen.tests.SmokeTest - Smoke test passed - Swag Labs title verified
2026-04-06 01:37:32 [TestNG-test-Smoke Tests-1] INFO  com.naveen.base.BaseTest - Test PASSED: verifyHomePageTitle
2026-04-06 01:37:32 [TestNG-test-Smoke Tests-1] INFO  com.naveen.base.BaseTest - Browser closed
2026-04-06 02:52:41 [TestNG-test-Login Tests-1] INFO  com.naveen.base.BaseTest - Starting test: verifyEmptyUsername
2026-04-06 02:52:41 [TestNG-test-Login Tests-1] INFO  com.naveen.base.BaseTest - Launching browser: chrome
2026-04-06 02:52:45 [TestNG-test-Login Tests-1] INFO  com.naveen.base.BaseTest - Navigated to: https://www.saucedemo.com
2026-04-06 02:52:45 [TestNG-test-Login Tests-1] INFO  com.naveen.pages.LoginPage - Clicked login button
2026-04-06 02:52:45 [TestNG-test-Login Tests-1] INFO  com.naveen.pages.LoginPage - Error message: Epic sadface: Username is required
2026-04-06 02:52:45 [TestNG-test-Login Tests-1] INFO  com.naveen.tests.LoginTest - Verified empty username error: Epic sadface: Username is required
2026-04-06 02:52:45 [TestNG-test-Login Tests-1] INFO  com.naveen.base.BaseTest - Test PASSED: verifyEmptyUsername
2026-04-06 02:52:45 [TestNG-test-Login Tests-1] INFO  com.naveen.base.BaseTest - Browser closed
2026-04-06 02:52:45 [TestNG-test-Login Tests-1] INFO  com.naveen.base.BaseTest - Starting test: verifyInvalidPassword
2026-04-06 02:52:45 [TestNG-test-Login Tests-1] INFO  com.naveen.base.BaseTest - Launching browser: chrome
2026-04-06 02:52:47 [TestNG-test-Login Tests-1] INFO  com.naveen.base.BaseTest - Navigated to: https://www.saucedemo.com
2026-04-06 02:52:47 [TestNG-test-Login Tests-1] INFO  com.naveen.pages.LoginPage - Entered username: standard_user
2026-04-06 02:52:47 [TestNG-test-Login Tests-1] INFO  com.naveen.pages.LoginPage - Entered password
2026-04-06 02:52:47 [TestNG-test-Login Tests-1] INFO  com.naveen.pages.LoginPage - Clicked login button
2026-04-06 02:52:47 [TestNG-test-Login Tests-1] INFO  com.naveen.pages.LoginPage - Error message: Epic sadface: Username and password do not match any user in this service
2026-04-06 02:52:47 [TestNG-test-Login Tests-1] INFO  com.naveen.tests.LoginTest - Verified invalid password error: Epic sadface: Username and password do not match any user in this service
2026-04-06 02:52:47 [TestNG-test-Login Tests-1] INFO  com.naveen.base.BaseTest - Test PASSED: verifyInvalidPassword
2026-04-06 02:52:47 [TestNG-test-Login Tests-1] INFO  com.naveen.base.BaseTest - Browser closed
2026-04-06 02:52:47 [TestNG-test-Login Tests-1] INFO  com.naveen.base.BaseTest - Starting test: verifyLockedOutUser
2026-04-06 02:52:47 [TestNG-test-Login Tests-1] INFO  com.naveen.base.BaseTest - Launching browser: chrome
2026-04-06 02:52:49 [TestNG-test-Login Tests-1] INFO  com.naveen.base.BaseTest - Navigated to: https://www.saucedemo.com
2026-04-06 02:52:49 [TestNG-test-Login Tests-1] INFO  com.naveen.pages.LoginPage - Entered username: locked_out_user
2026-04-06 02:52:49 [TestNG-test-Login Tests-1] INFO  com.naveen.pages.LoginPage - Entered password
2026-04-06 02:52:49 [TestNG-test-Login Tests-1] INFO  com.naveen.pages.LoginPage - Clicked login button
2026-04-06 02:52:49 [TestNG-test-Login Tests-1] INFO  com.naveen.pages.LoginPage - Error message: Epic sadface: Sorry, this user has been locked out.
2026-04-06 02:52:49 [TestNG-test-Login Tests-1] INFO  com.naveen.tests.LoginTest - Verified locked out user error: Epic sadface: Sorry, this user has been locked out.
2026-04-06 02:52:49 [TestNG-test-Login Tests-1] INFO  com.naveen.base.BaseTest - Test PASSED: verifyLockedOutUser
2026-04-06 02:52:50 [TestNG-test-Login Tests-1] INFO  com.naveen.base.BaseTest - Browser closed
2026-04-06 02:52:50 [TestNG-test-Login Tests-1] INFO  com.naveen.base.BaseTest - Starting test: verifySuccessfulLogin
2026-04-06 02:52:50 [TestNG-test-Login Tests-1] INFO  com.naveen.base.BaseTest - Launching browser: chrome
2026-04-06 02:52:51 [TestNG-test-Login Tests-1] INFO  com.naveen.base.BaseTest - Navigated to: https://www.saucedemo.com
2026-04-06 02:52:52 [TestNG-test-Login Tests-1] INFO  com.naveen.pages.LoginPage - Entered username: standard_user
2026-04-06 02:52:52 [TestNG-test-Login Tests-1] INFO  com.naveen.pages.LoginPage - Entered password
2026-04-06 02:52:52 [TestNG-test-Login Tests-1] INFO  com.naveen.pages.LoginPage - Clicked login button
2026-04-06 02:52:52 [TestNG-test-Login Tests-1] INFO  com.naveen.tests.LoginTest - Verified successful login
2026-04-06 02:52:52 [TestNG-test-Login Tests-1] INFO  com.naveen.base.BaseTest - Test PASSED: verifySuccessfulLogin
2026-04-06 02:52:52 [TestNG-test-Login Tests-1] INFO  com.naveen.base.BaseTest - Browser closed
2026-04-06 02:52:52 [TestNG-test-Checkout Tests-1] INFO  com.naveen.base.BaseTest - Starting test: verifyCartBadgeCount
2026-04-06 02:52:52 [TestNG-test-Checkout Tests-1] INFO  com.naveen.base.BaseTest - Launching browser: chrome
2026-04-06 02:52:54 [TestNG-test-Checkout Tests-1] INFO  com.naveen.base.BaseTest - Navigated to: https://www.saucedemo.com
2026-04-06 02:52:54 [TestNG-test-Checkout Tests-1] INFO  com.naveen.pages.LoginPage - Entered username: standard_user
2026-04-06 02:52:54 [TestNG-test-Checkout Tests-1] INFO  com.naveen.pages.LoginPage - Entered password
2026-04-06 02:52:54 [TestNG-test-Checkout Tests-1] INFO  com.naveen.pages.LoginPage - Clicked login button
2026-04-06 02:52:54 [TestNG-test-Checkout Tests-1] INFO  com.naveen.pages.ProductsPage - Added Sauce Labs Backpack to cart
2026-04-06 02:52:54 [TestNG-test-Checkout Tests-1] INFO  com.naveen.pages.ProductsPage - Cart badge count: 1
2026-04-06 02:52:54 [TestNG-test-Checkout Tests-1] INFO  com.naveen.tests.CheckoutTest - Verified cart badge count is 1
2026-04-06 02:52:54 [TestNG-test-Checkout Tests-1] INFO  com.naveen.base.BaseTest - Test PASSED: verifyCartBadgeCount
2026-04-06 02:52:54 [TestNG-test-Checkout Tests-1] INFO  com.naveen.base.BaseTest - Browser closed
2026-04-06 02:52:54 [TestNG-test-Checkout Tests-1] INFO  com.naveen.base.BaseTest - Starting test: verifyCartItemDisplayed
2026-04-06 02:52:54 [TestNG-test-Checkout Tests-1] INFO  com.naveen.base.BaseTest - Launching browser: chrome
2026-04-06 02:52:56 [TestNG-test-Checkout Tests-1] INFO  com.naveen.base.BaseTest - Navigated to: https://www.saucedemo.com
2026-04-06 02:52:56 [TestNG-test-Checkout Tests-1] INFO  com.naveen.pages.LoginPage - Entered username: standard_user
2026-04-06 02:52:56 [TestNG-test-Checkout Tests-1] INFO  com.naveen.pages.LoginPage - Entered password
2026-04-06 02:52:56 [TestNG-test-Checkout Tests-1] INFO  com.naveen.pages.LoginPage - Clicked login button
2026-04-06 02:52:56 [TestNG-test-Checkout Tests-1] INFO  com.naveen.pages.ProductsPage - Added Sauce Labs Backpack to cart
2026-04-06 02:52:56 [TestNG-test-Checkout Tests-1] INFO  com.naveen.pages.ProductsPage - Clicked cart icon
2026-04-06 02:52:56 [TestNG-test-Checkout Tests-1] INFO  com.naveen.pages.CartPage - Cart item displayed: true
2026-04-06 02:52:56 [TestNG-test-Checkout Tests-1] INFO  com.naveen.pages.CartPage - Cart item name: Sauce Labs Backpack
2026-04-06 02:52:56 [TestNG-test-Checkout Tests-1] INFO  com.naveen.tests.CheckoutTest - Verified cart item is displayed correctly
2026-04-06 02:52:56 [TestNG-test-Checkout Tests-1] INFO  com.naveen.base.BaseTest - Test PASSED: verifyCartItemDisplayed
2026-04-06 02:52:57 [TestNG-test-Checkout Tests-1] INFO  com.naveen.base.BaseTest - Browser closed
2026-04-06 02:52:57 [TestNG-test-Checkout Tests-1] INFO  com.naveen.base.BaseTest - Starting test: verifyCheckoutWithEmptyInfo
2026-04-06 02:52:57 [TestNG-test-Checkout Tests-1] INFO  com.naveen.base.BaseTest - Launching browser: chrome
2026-04-06 02:52:58 [TestNG-test-Checkout Tests-1] INFO  com.naveen.base.BaseTest - Navigated to: https://www.saucedemo.com
2026-04-06 02:52:59 [TestNG-test-Checkout Tests-1] INFO  com.naveen.pages.LoginPage - Entered username: standard_user
2026-04-06 02:52:59 [TestNG-test-Checkout Tests-1] INFO  com.naveen.pages.LoginPage - Entered password
2026-04-06 02:52:59 [TestNG-test-Checkout Tests-1] INFO  com.naveen.pages.LoginPage - Clicked login button
2026-04-06 02:52:59 [TestNG-test-Checkout Tests-1] INFO  com.naveen.pages.ProductsPage - Added Sauce Labs Backpack to cart
2026-04-06 02:52:59 [TestNG-test-Checkout Tests-1] INFO  com.naveen.pages.ProductsPage - Clicked cart icon
2026-04-06 02:52:59 [TestNG-test-Checkout Tests-1] INFO  com.naveen.pages.CartPage - Clicked checkout button
2026-04-06 02:52:59 [TestNG-test-Checkout Tests-1] INFO  com.naveen.pages.CartPage - Checkout step one URL confirmed
2026-04-06 02:52:59 [TestNG-test-Checkout Tests-1] INFO  com.naveen.pages.CheckoutPage - Clicked continue button
2026-04-06 02:52:59 [TestNG-test-Checkout Tests-1] INFO  com.naveen.pages.CheckoutPage - Error message: Error: First Name is required
2026-04-06 02:52:59 [TestNG-test-Checkout Tests-1] INFO  com.naveen.tests.CheckoutTest - Verified empty checkout info error: Error: First Name is required
2026-04-06 02:52:59 [TestNG-test-Checkout Tests-1] INFO  com.naveen.base.BaseTest - Test PASSED: verifyCheckoutWithEmptyInfo
2026-04-06 02:52:59 [TestNG-test-Checkout Tests-1] INFO  com.naveen.base.BaseTest - Browser closed
2026-04-06 02:52:59 [TestNG-test-Checkout Tests-1] INFO  com.naveen.base.BaseTest - Starting test: verifySuccessfulCheckout
2026-04-06 02:52:59 [TestNG-test-Checkout Tests-1] INFO  com.naveen.base.BaseTest - Launching browser: chrome
2026-04-06 02:53:01 [TestNG-test-Checkout Tests-1] INFO  com.naveen.base.BaseTest - Navigated to: https://www.saucedemo.com
2026-04-06 02:53:01 [TestNG-test-Checkout Tests-1] INFO  com.naveen.pages.LoginPage - Entered username: standard_user
2026-04-06 02:53:01 [TestNG-test-Checkout Tests-1] INFO  com.naveen.pages.LoginPage - Entered password
2026-04-06 02:53:01 [TestNG-test-Checkout Tests-1] INFO  com.naveen.pages.LoginPage - Clicked login button
2026-04-06 02:53:01 [TestNG-test-Checkout Tests-1] INFO  com.naveen.pages.ProductsPage - Added Sauce Labs Backpack to cart
2026-04-06 02:53:01 [TestNG-test-Checkout Tests-1] INFO  com.naveen.pages.ProductsPage - Clicked cart icon
2026-04-06 02:53:01 [TestNG-test-Checkout Tests-1] INFO  com.naveen.pages.CartPage - Clicked checkout button
2026-04-06 02:53:01 [TestNG-test-Checkout Tests-1] INFO  com.naveen.pages.CartPage - Checkout step one URL confirmed
2026-04-06 02:53:01 [TestNG-test-Checkout Tests-1] INFO  com.naveen.pages.CheckoutPage - Entered first name: John
2026-04-06 02:53:01 [TestNG-test-Checkout Tests-1] INFO  com.naveen.pages.CheckoutPage - Entered last name: Doe
2026-04-06 02:53:01 [TestNG-test-Checkout Tests-1] INFO  com.naveen.pages.CheckoutPage - Entered zip code: 12345
2026-04-06 02:53:01 [TestNG-test-Checkout Tests-1] INFO  com.naveen.pages.CheckoutPage - Filled shipping info for: John Doe
2026-04-06 02:53:01 [TestNG-test-Checkout Tests-1] INFO  com.naveen.pages.CheckoutPage - Clicked continue button
2026-04-06 02:53:01 [TestNG-test-Checkout Tests-1] INFO  com.naveen.pages.CheckoutPage - Clicked finish button
2026-04-06 02:53:01 [TestNG-test-Checkout Tests-1] INFO  com.naveen.pages.OrderConfirmationPage - Order confirmed: true
2026-04-06 02:53:01 [TestNG-test-Checkout Tests-1] INFO  com.naveen.tests.CheckoutTest - Verified successful checkout
2026-04-06 02:53:01 [TestNG-test-Checkout Tests-1] INFO  com.naveen.base.BaseTest - Test PASSED: verifySuccessfulCheckout
2026-04-06 02:53:01 [TestNG-test-Checkout Tests-1] INFO  com.naveen.base.BaseTest - Browser closed
2026-04-06 02:53:01 [TestNG-test-Smoke Tests-1] INFO  com.naveen.base.BaseTest - Starting test: verifyCheckoutFlow
2026-04-06 02:53:01 [TestNG-test-Smoke Tests-1] INFO  com.naveen.base.BaseTest - Launching browser: chrome
2026-04-06 02:53:03 [TestNG-test-Smoke Tests-1] INFO  com.naveen.base.BaseTest - Navigated to: https://www.saucedemo.com
2026-04-06 02:53:03 [TestNG-test-Smoke Tests-1] INFO  com.naveen.pages.LoginPage - Entered username: standard_user
2026-04-06 02:53:03 [TestNG-test-Smoke Tests-1] INFO  com.naveen.pages.LoginPage - Entered password
2026-04-06 02:53:03 [TestNG-test-Smoke Tests-1] INFO  com.naveen.pages.LoginPage - Clicked login button
2026-04-06 02:53:03 [TestNG-test-Smoke Tests-1] INFO  com.naveen.pages.ProductsPage - Added Sauce Labs Backpack to cart
2026-04-06 02:53:03 [TestNG-test-Smoke Tests-1] INFO  com.naveen.pages.ProductsPage - Cart badge count: 1
2026-04-06 02:53:03 [TestNG-test-Smoke Tests-1] INFO  com.naveen.pages.ProductsPage - Clicked cart icon
2026-04-06 02:53:03 [TestNG-test-Smoke Tests-1] INFO  com.naveen.pages.CartPage - Cart item displayed: true
2026-04-06 02:53:03 [TestNG-test-Smoke Tests-1] INFO  com.naveen.pages.CartPage - Clicked checkout button
2026-04-06 02:53:03 [TestNG-test-Smoke Tests-1] INFO  com.naveen.pages.CartPage - Checkout step one URL confirmed
2026-04-06 02:53:04 [TestNG-test-Smoke Tests-1] INFO  com.naveen.pages.CheckoutPage - Entered first name: John
2026-04-06 02:53:04 [TestNG-test-Smoke Tests-1] INFO  com.naveen.pages.CheckoutPage - Entered last name: Doe
2026-04-06 02:53:04 [TestNG-test-Smoke Tests-1] INFO  com.naveen.pages.CheckoutPage - Entered zip code: 12345
2026-04-06 02:53:04 [TestNG-test-Smoke Tests-1] INFO  com.naveen.pages.CheckoutPage - Filled shipping info for: John Doe
2026-04-06 02:53:04 [TestNG-test-Smoke Tests-1] INFO  com.naveen.pages.CheckoutPage - Clicked continue button
2026-04-06 02:53:24 [TestNG-test-Smoke Tests-1] WARN  com.naveen.utils.RetryAnalyzer - Retrying test: verifyCheckoutFlow (attempt 1)
2026-04-06 02:53:24 [TestNG-test-Smoke Tests-1] INFO  com.naveen.base.BaseTest - Test PASSED: verifyCheckoutFlow
2026-04-06 02:53:39 [TestNG-test-Smoke Tests-1] INFO  com.naveen.base.BaseTest - Browser closed
2026-04-06 02:53:39 [TestNG-test-Smoke Tests-1] INFO  com.naveen.base.BaseTest - Starting test: verifyCheckoutFlow
2026-04-06 02:53:39 [TestNG-test-Smoke Tests-1] INFO  com.naveen.base.BaseTest - Launching browser: chrome
2026-04-06 02:53:41 [TestNG-test-Smoke Tests-1] INFO  com.naveen.base.BaseTest - Navigated to: https://www.saucedemo.com
2026-04-06 02:53:41 [TestNG-test-Smoke Tests-1] INFO  com.naveen.pages.LoginPage - Entered username: standard_user
2026-04-06 02:53:41 [TestNG-test-Smoke Tests-1] INFO  com.naveen.pages.LoginPage - Entered password
2026-04-06 02:53:41 [TestNG-test-Smoke Tests-1] INFO  com.naveen.pages.LoginPage - Clicked login button
2026-04-06 02:53:41 [TestNG-test-Smoke Tests-1] INFO  com.naveen.pages.ProductsPage - Added Sauce Labs Backpack to cart
2026-04-06 02:53:41 [TestNG-test-Smoke Tests-1] INFO  com.naveen.pages.ProductsPage - Cart badge count: 1
2026-04-06 02:53:41 [TestNG-test-Smoke Tests-1] INFO  com.naveen.pages.ProductsPage - Clicked cart icon
2026-04-06 02:53:41 [TestNG-test-Smoke Tests-1] INFO  com.naveen.pages.CartPage - Cart item displayed: true
2026-04-06 02:53:41 [TestNG-test-Smoke Tests-1] INFO  com.naveen.pages.CartPage - Clicked checkout button
2026-04-06 02:53:41 [TestNG-test-Smoke Tests-1] INFO  com.naveen.pages.CartPage - Checkout step one URL confirmed
2026-04-06 02:53:41 [TestNG-test-Smoke Tests-1] INFO  com.naveen.pages.CheckoutPage - Entered first name: John
2026-04-06 02:53:41 [TestNG-test-Smoke Tests-1] INFO  com.naveen.pages.CheckoutPage - Entered last name: Doe
2026-04-06 02:53:42 [TestNG-test-Smoke Tests-1] INFO  com.naveen.pages.CheckoutPage - Entered zip code: 12345
2026-04-06 02:53:42 [TestNG-test-Smoke Tests-1] INFO  com.naveen.pages.CheckoutPage - Filled shipping info for: John Doe
2026-04-06 02:53:42 [TestNG-test-Smoke Tests-1] INFO  com.naveen.pages.CheckoutPage - Clicked continue button
2026-04-06 02:54:02 [TestNG-test-Smoke Tests-1] INFO  com.naveen.utils.ScreenshotUtils - Screenshot saved: test-output/screenshots/verifyCheckoutFlow_2026-04-06_02-54-02.png
2026-04-06 02:54:02 [TestNG-test-Smoke Tests-1] ERROR com.naveen.base.BaseTest - Test FAILED: verifyCheckoutFlow
2026-04-06 02:54:15 [TestNG-test-Smoke Tests-1] INFO  com.naveen.base.BaseTest - Browser closed
2026-04-06 02:54:15 [TestNG-test-Smoke Tests-1] INFO  com.naveen.base.BaseTest - Starting test: verifyHomePageTitle
2026-04-06 02:54:15 [TestNG-test-Smoke Tests-1] INFO  com.naveen.base.BaseTest - Launching browser: chrome
2026-04-06 02:54:17 [TestNG-test-Smoke Tests-1] INFO  com.naveen.base.BaseTest - Navigated to: https://www.saucedemo.com
2026-04-06 02:54:17 [TestNG-test-Smoke Tests-1] INFO  com.naveen.tests.SmokeTest - Page title is: Swag Labs
2026-04-06 02:54:17 [TestNG-test-Smoke Tests-1] INFO  com.naveen.tests.SmokeTest - Smoke test passed - Swag Labs title verified
2026-04-06 02:54:17 [TestNG-test-Smoke Tests-1] INFO  com.naveen.base.BaseTest - Test PASSED: verifyHomePageTitle
2026-04-06 02:54:17 [TestNG-test-Smoke Tests-1] INFO  com.naveen.base.BaseTest - Browser closed
2026-04-06 03:00:22 [TestNG-test-Login Tests-1] INFO  com.naveen.base.BaseTest - Starting test: verifyEmptyUsername
2026-04-06 03:00:22 [TestNG-test-Login Tests-1] INFO  com.naveen.base.BaseTest - Launching browser: chrome
2026-04-06 03:00:25 [TestNG-test-Login Tests-1] INFO  com.naveen.base.BaseTest - Navigated to: https://www.saucedemo.com
2026-04-06 03:00:25 [TestNG-test-Login Tests-1] INFO  com.naveen.pages.LoginPage - Clicked login button
2026-04-06 03:00:25 [TestNG-test-Login Tests-1] INFO  com.naveen.pages.LoginPage - Error message: Epic sadface: Username is required
2026-04-06 03:00:25 [TestNG-test-Login Tests-1] INFO  com.naveen.tests.LoginTest - Verified empty username error: Epic sadface: Username is required
2026-04-06 03:00:25 [TestNG-test-Login Tests-1] INFO  com.naveen.base.BaseTest - Test PASSED: verifyEmptyUsername
2026-04-06 03:00:26 [TestNG-test-Login Tests-1] INFO  com.naveen.base.BaseTest - Browser closed
2026-04-06 03:00:26 [TestNG-test-Login Tests-1] INFO  com.naveen.base.BaseTest - Starting test: verifyInvalidPassword
2026-04-06 03:00:26 [TestNG-test-Login Tests-1] INFO  com.naveen.base.BaseTest - Launching browser: chrome
2026-04-06 03:00:27 [TestNG-test-Login Tests-1] INFO  com.naveen.base.BaseTest - Navigated to: https://www.saucedemo.com
2026-04-06 03:00:28 [TestNG-test-Login Tests-1] INFO  com.naveen.pages.LoginPage - Entered username: standard_user
2026-04-06 03:00:28 [TestNG-test-Login Tests-1] INFO  com.naveen.pages.LoginPage - Entered password
2026-04-06 03:00:28 [TestNG-test-Login Tests-1] INFO  com.naveen.pages.LoginPage - Clicked login button
2026-04-06 03:00:28 [TestNG-test-Login Tests-1] INFO  com.naveen.pages.LoginPage - Error message: Epic sadface: Username and password do not match any user in this service
2026-04-06 03:00:28 [TestNG-test-Login Tests-1] INFO  com.naveen.tests.LoginTest - Verified invalid password error: Epic sadface: Username and password do not match any user in this service
2026-04-06 03:00:28 [TestNG-test-Login Tests-1] INFO  com.naveen.base.BaseTest - Test PASSED: verifyInvalidPassword
2026-04-06 03:00:28 [TestNG-test-Login Tests-1] INFO  com.naveen.base.BaseTest - Browser closed
2026-04-06 03:00:28 [TestNG-test-Login Tests-1] INFO  com.naveen.base.BaseTest - Starting test: verifyLockedOutUser
2026-04-06 03:00:28 [TestNG-test-Login Tests-1] INFO  com.naveen.base.BaseTest - Launching browser: chrome
2026-04-06 03:00:29 [TestNG-test-Login Tests-1] INFO  com.naveen.base.BaseTest - Navigated to: https://www.saucedemo.com
2026-04-06 03:00:30 [TestNG-test-Login Tests-1] INFO  com.naveen.pages.LoginPage - Entered username: locked_out_user
2026-04-06 03:00:30 [TestNG-test-Login Tests-1] INFO  com.naveen.pages.LoginPage - Entered password
2026-04-06 03:00:30 [TestNG-test-Login Tests-1] INFO  com.naveen.pages.LoginPage - Clicked login button
2026-04-06 03:00:30 [TestNG-test-Login Tests-1] INFO  com.naveen.pages.LoginPage - Error message: Epic sadface: Sorry, this user has been locked out.
2026-04-06 03:00:30 [TestNG-test-Login Tests-1] INFO  com.naveen.tests.LoginTest - Verified locked out user error: Epic sadface: Sorry, this user has been locked out.
2026-04-06 03:00:30 [TestNG-test-Login Tests-1] INFO  com.naveen.base.BaseTest - Test PASSED: verifyLockedOutUser
2026-04-06 03:00:30 [TestNG-test-Login Tests-1] INFO  com.naveen.base.BaseTest - Browser closed
2026-04-06 03:00:30 [TestNG-test-Login Tests-1] INFO  com.naveen.base.BaseTest - Starting test: verifySuccessfulLogin
2026-04-06 03:00:30 [TestNG-test-Login Tests-1] INFO  com.naveen.base.BaseTest - Launching browser: chrome
2026-04-06 03:00:32 [TestNG-test-Login Tests-1] INFO  com.naveen.base.BaseTest - Navigated to: https://www.saucedemo.com
2026-04-06 03:00:32 [TestNG-test-Login Tests-1] INFO  com.naveen.pages.LoginPage - Entered username: standard_user
2026-04-06 03:00:32 [TestNG-test-Login Tests-1] INFO  com.naveen.pages.LoginPage - Entered password
2026-04-06 03:00:32 [TestNG-test-Login Tests-1] INFO  com.naveen.pages.LoginPage - Clicked login button
2026-04-06 03:00:32 [TestNG-test-Login Tests-1] INFO  com.naveen.tests.LoginTest - Verified successful login
2026-04-06 03:00:32 [TestNG-test-Login Tests-1] INFO  com.naveen.base.BaseTest - Test PASSED: verifySuccessfulLogin
2026-04-06 03:00:32 [TestNG-test-Login Tests-1] INFO  com.naveen.base.BaseTest - Browser closed
2026-04-06 03:00:32 [TestNG-test-Checkout Tests-1] INFO  com.naveen.base.BaseTest - Starting test: verifyCartBadgeCount
2026-04-06 03:00:32 [TestNG-test-Checkout Tests-1] INFO  com.naveen.base.BaseTest - Launching browser: chrome
2026-04-06 03:00:34 [TestNG-test-Checkout Tests-1] INFO  com.naveen.base.BaseTest - Navigated to: https://www.saucedemo.com
2026-04-06 03:00:34 [TestNG-test-Checkout Tests-1] INFO  com.naveen.pages.LoginPage - Entered username: standard_user
2026-04-06 03:00:34 [TestNG-test-Checkout Tests-1] INFO  com.naveen.pages.LoginPage - Entered password
2026-04-06 03:00:34 [TestNG-test-Checkout Tests-1] INFO  com.naveen.pages.LoginPage - Clicked login button
2026-04-06 03:00:34 [TestNG-test-Checkout Tests-1] INFO  com.naveen.pages.ProductsPage - Added Sauce Labs Backpack to cart
2026-04-06 03:00:34 [TestNG-test-Checkout Tests-1] INFO  com.naveen.pages.ProductsPage - Cart badge count: 1
2026-04-06 03:00:34 [TestNG-test-Checkout Tests-1] INFO  com.naveen.tests.CheckoutTest - Verified cart badge count is 1
2026-04-06 03:00:34 [TestNG-test-Checkout Tests-1] INFO  com.naveen.base.BaseTest - Test PASSED: verifyCartBadgeCount
2026-04-06 03:00:34 [TestNG-test-Checkout Tests-1] INFO  com.naveen.base.BaseTest - Browser closed
2026-04-06 03:00:34 [TestNG-test-Checkout Tests-1] INFO  com.naveen.base.BaseTest - Starting test: verifyCartItemDisplayed
2026-04-06 03:00:34 [TestNG-test-Checkout Tests-1] INFO  com.naveen.base.BaseTest - Launching browser: chrome
2026-04-06 03:00:36 [TestNG-test-Checkout Tests-1] INFO  com.naveen.base.BaseTest - Navigated to: https://www.saucedemo.com
2026-04-06 03:00:36 [TestNG-test-Checkout Tests-1] INFO  com.naveen.pages.LoginPage - Entered username: standard_user
2026-04-06 03:00:36 [TestNG-test-Checkout Tests-1] INFO  com.naveen.pages.LoginPage - Entered password
2026-04-06 03:00:36 [TestNG-test-Checkout Tests-1] INFO  com.naveen.pages.LoginPage - Clicked login button
2026-04-06 03:00:36 [TestNG-test-Checkout Tests-1] INFO  com.naveen.pages.ProductsPage - Added Sauce Labs Backpack to cart
2026-04-06 03:00:36 [TestNG-test-Checkout Tests-1] INFO  com.naveen.pages.ProductsPage - Clicked cart icon
2026-04-06 03:00:36 [TestNG-test-Checkout Tests-1] INFO  com.naveen.pages.CartPage - Cart item displayed: true
2026-04-06 03:00:36 [TestNG-test-Checkout Tests-1] INFO  com.naveen.pages.CartPage - Cart item name: Sauce Labs Backpack
2026-04-06 03:00:36 [TestNG-test-Checkout Tests-1] INFO  com.naveen.tests.CheckoutTest - Verified cart item is displayed correctly
2026-04-06 03:00:36 [TestNG-test-Checkout Tests-1] INFO  com.naveen.base.BaseTest - Test PASSED: verifyCartItemDisplayed
2026-04-06 03:00:36 [TestNG-test-Checkout Tests-1] INFO  com.naveen.base.BaseTest - Browser closed
2026-04-06 03:00:36 [TestNG-test-Checkout Tests-1] INFO  com.naveen.base.BaseTest - Starting test: verifyCheckoutWithEmptyInfo
2026-04-06 03:00:36 [TestNG-test-Checkout Tests-1] INFO  com.naveen.base.BaseTest - Launching browser: chrome
2026-04-06 03:00:38 [TestNG-test-Checkout Tests-1] INFO  com.naveen.base.BaseTest - Navigated to: https://www.saucedemo.com
2026-04-06 03:00:38 [TestNG-test-Checkout Tests-1] INFO  com.naveen.pages.LoginPage - Entered username: standard_user
2026-04-06 03:00:38 [TestNG-test-Checkout Tests-1] INFO  com.naveen.pages.LoginPage - Entered password
2026-04-06 03:00:38 [TestNG-test-Checkout Tests-1] INFO  com.naveen.pages.LoginPage - Clicked login button
2026-04-06 03:00:38 [TestNG-test-Checkout Tests-1] INFO  com.naveen.pages.ProductsPage - Added Sauce Labs Backpack to cart
2026-04-06 03:00:38 [TestNG-test-Checkout Tests-1] INFO  com.naveen.pages.ProductsPage - Clicked cart icon
2026-04-06 03:00:38 [TestNG-test-Checkout Tests-1] INFO  com.naveen.pages.CartPage - Clicked checkout button
2026-04-06 03:00:38 [TestNG-test-Checkout Tests-1] INFO  com.naveen.pages.CartPage - Checkout step one URL confirmed
2026-04-06 03:00:38 [TestNG-test-Checkout Tests-1] INFO  com.naveen.pages.CheckoutPage - Clicked continue button
2026-04-06 03:00:38 [TestNG-test-Checkout Tests-1] INFO  com.naveen.pages.CheckoutPage - Error message: Error: First Name is required
2026-04-06 03:00:38 [TestNG-test-Checkout Tests-1] INFO  com.naveen.tests.CheckoutTest - Verified empty checkout info error: Error: First Name is required
2026-04-06 03:00:38 [TestNG-test-Checkout Tests-1] INFO  com.naveen.base.BaseTest - Test PASSED: verifyCheckoutWithEmptyInfo
2026-04-06 03:00:38 [TestNG-test-Checkout Tests-1] INFO  com.naveen.base.BaseTest - Browser closed
2026-04-06 03:00:38 [TestNG-test-Checkout Tests-1] INFO  com.naveen.base.BaseTest - Starting test: verifySuccessfulCheckout
2026-04-06 03:00:38 [TestNG-test-Checkout Tests-1] INFO  com.naveen.base.BaseTest - Launching browser: chrome
2026-04-06 03:00:40 [TestNG-test-Checkout Tests-1] INFO  com.naveen.base.BaseTest - Navigated to: https://www.saucedemo.com
2026-04-06 03:00:41 [TestNG-test-Checkout Tests-1] INFO  com.naveen.pages.LoginPage - Entered username: standard_user
2026-04-06 03:00:41 [TestNG-test-Checkout Tests-1] INFO  com.naveen.pages.LoginPage - Entered password
2026-04-06 03:00:41 [TestNG-test-Checkout Tests-1] INFO  com.naveen.pages.LoginPage - Clicked login button
2026-04-06 03:00:41 [TestNG-test-Checkout Tests-1] INFO  com.naveen.pages.ProductsPage - Added Sauce Labs Backpack to cart
2026-04-06 03:00:41 [TestNG-test-Checkout Tests-1] INFO  com.naveen.pages.ProductsPage - Clicked cart icon
2026-04-06 03:00:41 [TestNG-test-Checkout Tests-1] INFO  com.naveen.pages.CartPage - Clicked checkout button
2026-04-06 03:00:41 [TestNG-test-Checkout Tests-1] INFO  com.naveen.pages.CartPage - Checkout step one URL confirmed
2026-04-06 03:00:41 [TestNG-test-Checkout Tests-1] INFO  com.naveen.pages.CheckoutPage - Entered first name: John
2026-04-06 03:00:41 [TestNG-test-Checkout Tests-1] INFO  com.naveen.pages.CheckoutPage - Entered last name: Doe
2026-04-06 03:00:41 [TestNG-test-Checkout Tests-1] INFO  com.naveen.pages.CheckoutPage - Entered zip code: 12345
2026-04-06 03:00:41 [TestNG-test-Checkout Tests-1] INFO  com.naveen.pages.CheckoutPage - Filled shipping info for: John Doe
2026-04-06 03:00:41 [TestNG-test-Checkout Tests-1] INFO  com.naveen.pages.CheckoutPage - Clicked continue button
2026-04-06 03:00:41 [TestNG-test-Checkout Tests-1] INFO  com.naveen.pages.CheckoutPage - Clicked finish button
2026-04-06 03:00:41 [TestNG-test-Checkout Tests-1] INFO  com.naveen.pages.OrderConfirmationPage - Order confirmed: true
2026-04-06 03:00:41 [TestNG-test-Checkout Tests-1] INFO  com.naveen.tests.CheckoutTest - Verified successful checkout
2026-04-06 03:00:41 [TestNG-test-Checkout Tests-1] INFO  com.naveen.base.BaseTest - Test PASSED: verifySuccessfulCheckout
2026-04-06 03:00:41 [TestNG-test-Checkout Tests-1] INFO  com.naveen.base.BaseTest - Browser closed
2026-04-06 03:00:41 [TestNG-test-Smoke Tests-1] INFO  com.naveen.base.BaseTest - Starting test: verifyCheckoutFlow
2026-04-06 03:00:41 [TestNG-test-Smoke Tests-1] INFO  com.naveen.base.BaseTest - Launching browser: chrome
2026-04-06 03:00:43 [TestNG-test-Smoke Tests-1] INFO  com.naveen.base.BaseTest - Navigated to: https://www.saucedemo.com
2026-04-06 03:00:43 [TestNG-test-Smoke Tests-1] INFO  com.naveen.pages.LoginPage - Entered username: standard_user
2026-04-06 03:00:43 [TestNG-test-Smoke Tests-1] INFO  com.naveen.pages.LoginPage - Entered password
2026-04-06 03:00:43 [TestNG-test-Smoke Tests-1] INFO  com.naveen.pages.LoginPage - Clicked login button
2026-04-06 03:00:43 [TestNG-test-Smoke Tests-1] INFO  com.naveen.pages.ProductsPage - Added Sauce Labs Backpack to cart
2026-04-06 03:00:43 [TestNG-test-Smoke Tests-1] INFO  com.naveen.pages.ProductsPage - Cart badge count: 1
2026-04-06 03:00:44 [TestNG-test-Smoke Tests-1] INFO  com.naveen.pages.ProductsPage - Clicked cart icon
2026-04-06 03:00:44 [TestNG-test-Smoke Tests-1] INFO  com.naveen.pages.CartPage - Cart item displayed: true
2026-04-06 03:00:44 [TestNG-test-Smoke Tests-1] INFO  com.naveen.pages.CartPage - Clicked checkout button
2026-04-06 03:00:44 [TestNG-test-Smoke Tests-1] INFO  com.naveen.pages.CartPage - Checkout step one URL confirmed
2026-04-06 03:00:44 [TestNG-test-Smoke Tests-1] INFO  com.naveen.pages.CheckoutPage - Entered first name: John
2026-04-06 03:00:44 [TestNG-test-Smoke Tests-1] INFO  com.naveen.pages.CheckoutPage - Entered last name: Doe
2026-04-06 03:00:44 [TestNG-test-Smoke Tests-1] INFO  com.naveen.pages.CheckoutPage - Entered zip code: 12345
2026-04-06 03:00:44 [TestNG-test-Smoke Tests-1] INFO  com.naveen.pages.CheckoutPage - Filled shipping info for: John Doe
2026-04-06 03:00:44 [TestNG-test-Smoke Tests-1] INFO  com.naveen.pages.CheckoutPage - Clicked continue button
2026-04-06 03:01:15 [TestNG-test-Smoke Tests-1] WARN  com.naveen.utils.RetryAnalyzer - Retrying test: verifyCheckoutFlow (attempt 1)
2026-04-06 03:01:15 [TestNG-test-Smoke Tests-1] INFO  com.naveen.base.BaseTest - Test PASSED: verifyCheckoutFlow
2026-04-06 03:01:17 [TestNG-test-Smoke Tests-1] INFO  com.naveen.base.BaseTest - Browser closed
2026-04-06 03:01:17 [TestNG-test-Smoke Tests-1] INFO  com.naveen.base.BaseTest - Starting test: verifyCheckoutFlow
2026-04-06 03:01:17 [TestNG-test-Smoke Tests-1] INFO  com.naveen.base.BaseTest - Launching browser: chrome
2026-04-06 03:01:19 [TestNG-test-Smoke Tests-1] INFO  com.naveen.base.BaseTest - Navigated to: https://www.saucedemo.com
2026-04-06 03:01:20 [TestNG-test-Smoke Tests-1] INFO  com.naveen.pages.LoginPage - Entered username: standard_user
2026-04-06 03:01:20 [TestNG-test-Smoke Tests-1] INFO  com.naveen.pages.LoginPage - Entered password
2026-04-06 03:01:20 [TestNG-test-Smoke Tests-1] INFO  com.naveen.pages.LoginPage - Clicked login button
2026-04-06 03:01:20 [TestNG-test-Smoke Tests-1] INFO  com.naveen.pages.ProductsPage - Added Sauce Labs Backpack to cart
2026-04-06 03:01:20 [TestNG-test-Smoke Tests-1] INFO  com.naveen.pages.ProductsPage - Cart badge count: 1
2026-04-06 03:01:20 [TestNG-test-Smoke Tests-1] INFO  com.naveen.pages.ProductsPage - Clicked cart icon
2026-04-06 03:01:20 [TestNG-test-Smoke Tests-1] INFO  com.naveen.pages.CartPage - Cart item displayed: true
2026-04-06 03:01:20 [TestNG-test-Smoke Tests-1] INFO  com.naveen.pages.CartPage - Clicked checkout button
2026-04-06 03:01:20 [TestNG-test-Smoke Tests-1] INFO  com.naveen.pages.CartPage - Checkout step one URL confirmed
2026-04-06 03:01:20 [TestNG-test-Smoke Tests-1] INFO  com.naveen.pages.CheckoutPage - Entered first name: John
2026-04-06 03:01:20 [TestNG-test-Smoke Tests-1] INFO  com.naveen.pages.CheckoutPage - Entered last name: Doe
2026-04-06 03:01:20 [TestNG-test-Smoke Tests-1] INFO  com.naveen.pages.CheckoutPage - Entered zip code: 12345
2026-04-06 03:01:20 [TestNG-test-Smoke Tests-1] INFO  com.naveen.pages.CheckoutPage - Filled shipping info for: John Doe
2026-04-06 03:01:20 [TestNG-test-Smoke Tests-1] INFO  com.naveen.pages.CheckoutPage - Clicked continue button
2026-04-06 03:01:51 [TestNG-test-Smoke Tests-1] INFO  com.naveen.utils.ScreenshotUtils - Screenshot saved: test-output/screenshots/verifyCheckoutFlow_2026-04-06_03-01-51.png
2026-04-06 03:01:51 [TestNG-test-Smoke Tests-1] ERROR com.naveen.base.BaseTest - Test FAILED: verifyCheckoutFlow
2026-04-06 03:01:54 [TestNG-test-Smoke Tests-1] INFO  com.naveen.base.BaseTest - Browser closed
2026-04-06 03:01:54 [TestNG-test-Smoke Tests-1] INFO  com.naveen.base.BaseTest - Starting test: verifyHomePageTitle
2026-04-06 03:01:54 [TestNG-test-Smoke Tests-1] INFO  com.naveen.base.BaseTest - Launching browser: chrome
2026-04-06 03:01:56 [TestNG-test-Smoke Tests-1] INFO  com.naveen.base.BaseTest - Navigated to: https://www.saucedemo.com
2026-04-06 03:01:56 [TestNG-test-Smoke Tests-1] INFO  com.naveen.tests.SmokeTest - Page title is: Swag Labs
2026-04-06 03:01:56 [TestNG-test-Smoke Tests-1] INFO  com.naveen.tests.SmokeTest - Smoke test passed - Swag Labs title verified
2026-04-06 03:01:56 [TestNG-test-Smoke Tests-1] INFO  com.naveen.base.BaseTest - Test PASSED: verifyHomePageTitle
2026-04-06 03:01:56 [TestNG-test-Smoke Tests-1] INFO  com.naveen.base.BaseTest - Browser closed
2026-04-06 03:02:48 [TestNG-test-Login Tests-1] INFO  com.naveen.base.BaseTest - Starting test: verifyEmptyUsername
2026-04-06 03:02:48 [TestNG-test-Login Tests-1] INFO  com.naveen.base.BaseTest - Launching browser: chrome
2026-04-06 03:02:51 [TestNG-test-Login Tests-1] INFO  com.naveen.base.BaseTest - Navigated to: https://www.saucedemo.com
2026-04-06 03:02:52 [TestNG-test-Login Tests-1] INFO  com.naveen.pages.LoginPage - Clicked login button
2026-04-06 03:02:52 [TestNG-test-Login Tests-1] INFO  com.naveen.pages.LoginPage - Error message: Epic sadface: Username is required
2026-04-06 03:02:52 [TestNG-test-Login Tests-1] INFO  com.naveen.tests.LoginTest - Verified empty username error: Epic sadface: Username is required
2026-04-06 03:02:52 [TestNG-test-Login Tests-1] INFO  com.naveen.base.BaseTest - Test PASSED: verifyEmptyUsername
2026-04-06 03:02:52 [TestNG-test-Login Tests-1] INFO  com.naveen.base.BaseTest - Browser closed
2026-04-06 03:02:52 [TestNG-test-Login Tests-1] INFO  com.naveen.base.BaseTest - Starting test: verifyInvalidPassword
2026-04-06 03:02:52 [TestNG-test-Login Tests-1] INFO  com.naveen.base.BaseTest - Launching browser: chrome
2026-04-06 03:02:54 [TestNG-test-Login Tests-1] INFO  com.naveen.base.BaseTest - Navigated to: https://www.saucedemo.com
2026-04-06 03:02:54 [TestNG-test-Login Tests-1] INFO  com.naveen.pages.LoginPage - Entered username: standard_user
2026-04-06 03:02:54 [TestNG-test-Login Tests-1] INFO  com.naveen.pages.LoginPage - Entered password
2026-04-06 03:02:54 [TestNG-test-Login Tests-1] INFO  com.naveen.pages.LoginPage - Clicked login button
2026-04-06 03:02:54 [TestNG-test-Login Tests-1] INFO  com.naveen.pages.LoginPage - Error message: Epic sadface: Username and password do not match any user in this service
2026-04-06 03:02:54 [TestNG-test-Login Tests-1] INFO  com.naveen.tests.LoginTest - Verified invalid password error: Epic sadface: Username and password do not match any user in this service
2026-04-06 03:02:54 [TestNG-test-Login Tests-1] INFO  com.naveen.base.BaseTest - Test PASSED: verifyInvalidPassword
2026-04-06 03:02:54 [TestNG-test-Login Tests-1] INFO  com.naveen.base.BaseTest - Browser closed
2026-04-06 03:02:54 [TestNG-test-Login Tests-1] INFO  com.naveen.base.BaseTest - Starting test: verifyLockedOutUser
2026-04-06 03:02:54 [TestNG-test-Login Tests-1] INFO  com.naveen.base.BaseTest - Launching browser: chrome
2026-04-06 03:02:56 [TestNG-test-Login Tests-1] INFO  com.naveen.base.BaseTest - Navigated to: https://www.saucedemo.com
2026-04-06 03:02:56 [TestNG-test-Login Tests-1] INFO  com.naveen.pages.LoginPage - Entered username: locked_out_user
2026-04-06 03:02:56 [TestNG-test-Login Tests-1] INFO  com.naveen.pages.LoginPage - Entered password
2026-04-06 03:02:56 [TestNG-test-Login Tests-1] INFO  com.naveen.pages.LoginPage - Clicked login button
2026-04-06 03:02:56 [TestNG-test-Login Tests-1] INFO  com.naveen.pages.LoginPage - Error message: Epic sadface: Sorry, this user has been locked out.
2026-04-06 03:02:56 [TestNG-test-Login Tests-1] INFO  com.naveen.tests.LoginTest - Verified locked out user error: Epic sadface: Sorry, this user has been locked out.
2026-04-06 03:02:56 [TestNG-test-Login Tests-1] INFO  com.naveen.base.BaseTest - Test PASSED: verifyLockedOutUser
2026-04-06 03:02:56 [TestNG-test-Login Tests-1] INFO  com.naveen.base.BaseTest - Browser closed
2026-04-06 03:02:56 [TestNG-test-Login Tests-1] INFO  com.naveen.base.BaseTest - Starting test: verifySuccessfulLogin
2026-04-06 03:02:56 [TestNG-test-Login Tests-1] INFO  com.naveen.base.BaseTest - Launching browser: chrome
2026-04-06 03:02:58 [TestNG-test-Login Tests-1] INFO  com.naveen.base.BaseTest - Navigated to: https://www.saucedemo.com
2026-04-06 03:02:58 [TestNG-test-Login Tests-1] INFO  com.naveen.pages.LoginPage - Entered username: standard_user
2026-04-06 03:02:58 [TestNG-test-Login Tests-1] INFO  com.naveen.pages.LoginPage - Entered password
2026-04-06 03:02:58 [TestNG-test-Login Tests-1] INFO  com.naveen.pages.LoginPage - Clicked login button
2026-04-06 03:02:58 [TestNG-test-Login Tests-1] INFO  com.naveen.tests.LoginTest - Verified successful login
2026-04-06 03:02:58 [TestNG-test-Login Tests-1] INFO  com.naveen.base.BaseTest - Test PASSED: verifySuccessfulLogin
2026-04-06 03:02:58 [TestNG-test-Login Tests-1] INFO  com.naveen.base.BaseTest - Browser closed
2026-04-06 03:02:58 [TestNG-test-Checkout Tests-1] INFO  com.naveen.base.BaseTest - Starting test: verifyCartBadgeCount
2026-04-06 03:02:58 [TestNG-test-Checkout Tests-1] INFO  com.naveen.base.BaseTest - Launching browser: chrome
2026-04-06 03:03:00 [TestNG-test-Checkout Tests-1] INFO  com.naveen.base.BaseTest - Navigated to: https://www.saucedemo.com
2026-04-06 03:03:00 [TestNG-test-Checkout Tests-1] INFO  com.naveen.pages.LoginPage - Entered username: standard_user
2026-04-06 03:03:00 [TestNG-test-Checkout Tests-1] INFO  com.naveen.pages.LoginPage - Entered password
2026-04-06 03:03:00 [TestNG-test-Checkout Tests-1] INFO  com.naveen.pages.LoginPage - Clicked login button
2026-04-06 03:03:00 [TestNG-test-Checkout Tests-1] INFO  com.naveen.pages.ProductsPage - Added Sauce Labs Backpack to cart
2026-04-06 03:03:00 [TestNG-test-Checkout Tests-1] INFO  com.naveen.pages.ProductsPage - Cart badge count: 1
2026-04-06 03:03:00 [TestNG-test-Checkout Tests-1] INFO  com.naveen.tests.CheckoutTest - Verified cart badge count is 1
2026-04-06 03:03:00 [TestNG-test-Checkout Tests-1] INFO  com.naveen.base.BaseTest - Test PASSED: verifyCartBadgeCount
2026-04-06 03:03:00 [TestNG-test-Checkout Tests-1] INFO  com.naveen.base.BaseTest - Browser closed
2026-04-06 03:03:00 [TestNG-test-Checkout Tests-1] INFO  com.naveen.base.BaseTest - Starting test: verifyCartItemDisplayed
2026-04-06 03:03:00 [TestNG-test-Checkout Tests-1] INFO  com.naveen.base.BaseTest - Launching browser: chrome
2026-04-06 03:03:02 [TestNG-test-Checkout Tests-1] INFO  com.naveen.base.BaseTest - Navigated to: https://www.saucedemo.com
2026-04-06 03:03:02 [TestNG-test-Checkout Tests-1] INFO  com.naveen.pages.LoginPage - Entered username: standard_user
2026-04-06 03:03:02 [TestNG-test-Checkout Tests-1] INFO  com.naveen.pages.LoginPage - Entered password
2026-04-06 03:03:02 [TestNG-test-Checkout Tests-1] INFO  com.naveen.pages.LoginPage - Clicked login button
2026-04-06 03:03:02 [TestNG-test-Checkout Tests-1] INFO  com.naveen.pages.ProductsPage - Added Sauce Labs Backpack to cart
2026-04-06 03:03:02 [TestNG-test-Checkout Tests-1] INFO  com.naveen.pages.ProductsPage - Clicked cart icon
2026-04-06 03:03:02 [TestNG-test-Checkout Tests-1] INFO  com.naveen.pages.CartPage - Cart item displayed: true
2026-04-06 03:03:02 [TestNG-test-Checkout Tests-1] INFO  com.naveen.pages.CartPage - Cart item name: Sauce Labs Backpack
2026-04-06 03:03:02 [TestNG-test-Checkout Tests-1] INFO  com.naveen.tests.CheckoutTest - Verified cart item is displayed correctly
2026-04-06 03:03:02 [TestNG-test-Checkout Tests-1] INFO  com.naveen.base.BaseTest - Test PASSED: verifyCartItemDisplayed
2026-04-06 03:03:02 [TestNG-test-Checkout Tests-1] INFO  com.naveen.base.BaseTest - Browser closed
2026-04-06 03:03:02 [TestNG-test-Checkout Tests-1] INFO  com.naveen.base.BaseTest - Starting test: verifyCheckoutWithEmptyInfo
2026-04-06 03:03:02 [TestNG-test-Checkout Tests-1] INFO  com.naveen.base.BaseTest - Launching browser: chrome
2026-04-06 03:03:04 [TestNG-test-Checkout Tests-1] INFO  com.naveen.base.BaseTest - Navigated to: https://www.saucedemo.com
2026-04-06 03:03:04 [TestNG-test-Checkout Tests-1] INFO  com.naveen.pages.LoginPage - Entered username: standard_user
2026-04-06 03:03:04 [TestNG-test-Checkout Tests-1] INFO  com.naveen.pages.LoginPage - Entered password
2026-04-06 03:03:04 [TestNG-test-Checkout Tests-1] INFO  com.naveen.pages.LoginPage - Clicked login button
2026-04-06 03:03:04 [TestNG-test-Checkout Tests-1] INFO  com.naveen.pages.ProductsPage - Added Sauce Labs Backpack to cart
2026-04-06 03:03:04 [TestNG-test-Checkout Tests-1] INFO  com.naveen.pages.ProductsPage - Clicked cart icon
2026-04-06 03:03:04 [TestNG-test-Checkout Tests-1] INFO  com.naveen.pages.CartPage - Clicked checkout button
2026-04-06 03:03:04 [TestNG-test-Checkout Tests-1] INFO  com.naveen.pages.CartPage - Checkout step one URL confirmed
2026-04-06 03:03:04 [TestNG-test-Checkout Tests-1] INFO  com.naveen.pages.CheckoutPage - Clicked continue button
2026-04-06 03:03:04 [TestNG-test-Checkout Tests-1] INFO  com.naveen.pages.CheckoutPage - Error message: Error: First Name is required
2026-04-06 03:03:04 [TestNG-test-Checkout Tests-1] INFO  com.naveen.tests.CheckoutTest - Verified empty checkout info error: Error: First Name is required
2026-04-06 03:03:04 [TestNG-test-Checkout Tests-1] INFO  com.naveen.base.BaseTest - Test PASSED: verifyCheckoutWithEmptyInfo
2026-04-06 03:03:04 [TestNG-test-Checkout Tests-1] INFO  com.naveen.base.BaseTest - Browser closed
2026-04-06 03:03:05 [TestNG-test-Checkout Tests-1] INFO  com.naveen.base.BaseTest - Starting test: verifySuccessfulCheckout
2026-04-06 03:03:05 [TestNG-test-Checkout Tests-1] INFO  com.naveen.base.BaseTest - Launching browser: chrome
2026-04-06 03:03:06 [TestNG-test-Checkout Tests-1] INFO  com.naveen.base.BaseTest - Navigated to: https://www.saucedemo.com
2026-04-06 03:03:06 [TestNG-test-Checkout Tests-1] INFO  com.naveen.pages.LoginPage - Entered username: standard_user
2026-04-06 03:03:06 [TestNG-test-Checkout Tests-1] INFO  com.naveen.pages.LoginPage - Entered password
2026-04-06 03:03:06 [TestNG-test-Checkout Tests-1] INFO  com.naveen.pages.LoginPage - Clicked login button
2026-04-06 03:03:06 [TestNG-test-Checkout Tests-1] INFO  com.naveen.pages.ProductsPage - Added Sauce Labs Backpack to cart
2026-04-06 03:03:06 [TestNG-test-Checkout Tests-1] INFO  com.naveen.pages.ProductsPage - Clicked cart icon
2026-04-06 03:03:07 [TestNG-test-Checkout Tests-1] INFO  com.naveen.pages.CartPage - Clicked checkout button
2026-04-06 03:03:07 [TestNG-test-Checkout Tests-1] INFO  com.naveen.pages.CartPage - Checkout step one URL confirmed
2026-04-06 03:03:07 [TestNG-test-Checkout Tests-1] INFO  com.naveen.pages.CheckoutPage - Entered first name: John
2026-04-06 03:03:07 [TestNG-test-Checkout Tests-1] INFO  com.naveen.pages.CheckoutPage - Entered last name: Doe
2026-04-06 03:03:07 [TestNG-test-Checkout Tests-1] INFO  com.naveen.pages.CheckoutPage - Entered zip code: 12345
2026-04-06 03:03:07 [TestNG-test-Checkout Tests-1] INFO  com.naveen.pages.CheckoutPage - Filled shipping info for: John Doe
2026-04-06 03:03:07 [TestNG-test-Checkout Tests-1] INFO  com.naveen.pages.CheckoutPage - Clicked continue button
2026-04-06 03:03:07 [TestNG-test-Checkout Tests-1] INFO  com.naveen.pages.CheckoutPage - Clicked finish button
2026-04-06 03:03:07 [TestNG-test-Checkout Tests-1] INFO  com.naveen.pages.OrderConfirmationPage - Order confirmed: true
2026-04-06 03:03:07 [TestNG-test-Checkout Tests-1] INFO  com.naveen.tests.CheckoutTest - Verified successful checkout
2026-04-06 03:03:07 [TestNG-test-Checkout Tests-1] INFO  com.naveen.base.BaseTest - Test PASSED: verifySuccessfulCheckout
2026-04-06 03:03:07 [TestNG-test-Checkout Tests-1] INFO  com.naveen.base.BaseTest - Browser closed
2026-04-06 03:03:07 [TestNG-test-Smoke Tests-1] INFO  com.naveen.base.BaseTest - Starting test: verifyCheckoutFlow
2026-04-06 03:03:07 [TestNG-test-Smoke Tests-1] INFO  com.naveen.base.BaseTest - Launching browser: chrome
2026-04-06 03:03:09 [TestNG-test-Smoke Tests-1] INFO  com.naveen.base.BaseTest - Navigated to: https://www.saucedemo.com
2026-04-06 03:03:09 [TestNG-test-Smoke Tests-1] INFO  com.naveen.pages.LoginPage - Entered username: standard_user
2026-04-06 03:03:09 [TestNG-test-Smoke Tests-1] INFO  com.naveen.pages.LoginPage - Entered password
2026-04-06 03:03:09 [TestNG-test-Smoke Tests-1] INFO  com.naveen.pages.LoginPage - Clicked login button
2026-04-06 03:03:09 [TestNG-test-Smoke Tests-1] INFO  com.naveen.pages.ProductsPage - Added Sauce Labs Backpack to cart
2026-04-06 03:03:09 [TestNG-test-Smoke Tests-1] INFO  com.naveen.pages.ProductsPage - Cart badge count: 1
2026-04-06 03:03:09 [TestNG-test-Smoke Tests-1] INFO  com.naveen.pages.ProductsPage - Clicked cart icon
2026-04-06 03:03:09 [TestNG-test-Smoke Tests-1] INFO  com.naveen.pages.CartPage - Cart item displayed: true
2026-04-06 03:03:09 [TestNG-test-Smoke Tests-1] INFO  com.naveen.pages.CartPage - Clicked checkout button
2026-04-06 03:03:09 [TestNG-test-Smoke Tests-1] INFO  com.naveen.pages.CartPage - Checkout step one URL confirmed
2026-04-06 03:03:10 [TestNG-test-Smoke Tests-1] INFO  com.naveen.pages.CheckoutPage - Entered first name: John
2026-04-06 03:03:10 [TestNG-test-Smoke Tests-1] INFO  com.naveen.pages.CheckoutPage - Entered last name: Doe
2026-04-06 03:03:10 [TestNG-test-Smoke Tests-1] INFO  com.naveen.pages.CheckoutPage - Entered zip code: 12345
2026-04-06 03:03:10 [TestNG-test-Smoke Tests-1] INFO  com.naveen.pages.CheckoutPage - Filled shipping info for: John Doe
2026-04-06 03:03:10 [TestNG-test-Smoke Tests-1] INFO  com.naveen.pages.CheckoutPage - Clicked continue button
2026-04-06 03:03:41 [TestNG-test-Smoke Tests-1] WARN  com.naveen.utils.RetryAnalyzer - Retrying test: verifyCheckoutFlow (attempt 1)
2026-04-06 03:03:41 [TestNG-test-Smoke Tests-1] INFO  com.naveen.base.BaseTest - Test PASSED: verifyCheckoutFlow
2026-04-06 03:03:43 [TestNG-test-Smoke Tests-1] INFO  com.naveen.base.BaseTest - Browser closed
2026-04-06 03:03:43 [TestNG-test-Smoke Tests-1] INFO  com.naveen.base.BaseTest - Starting test: verifyCheckoutFlow
2026-04-06 03:03:43 [TestNG-test-Smoke Tests-1] INFO  com.naveen.base.BaseTest - Launching browser: chrome
2026-04-06 03:03:46 [TestNG-test-Smoke Tests-1] INFO  com.naveen.base.BaseTest - Navigated to: https://www.saucedemo.com
2026-04-06 03:03:46 [TestNG-test-Smoke Tests-1] INFO  com.naveen.pages.LoginPage - Entered username: standard_user
2026-04-06 03:03:46 [TestNG-test-Smoke Tests-1] INFO  com.naveen.pages.LoginPage - Entered password
2026-04-06 03:03:46 [TestNG-test-Smoke Tests-1] INFO  com.naveen.pages.LoginPage - Clicked login button
2026-04-06 03:03:46 [TestNG-test-Smoke Tests-1] INFO  com.naveen.pages.ProductsPage - Added Sauce Labs Backpack to cart
2026-04-06 03:03:46 [TestNG-test-Smoke Tests-1] INFO  com.naveen.pages.ProductsPage - Cart badge count: 1
2026-04-06 03:03:46 [TestNG-test-Smoke Tests-1] INFO  com.naveen.pages.ProductsPage - Clicked cart icon
2026-04-06 03:03:46 [TestNG-test-Smoke Tests-1] INFO  com.naveen.pages.CartPage - Cart item displayed: true
2026-04-06 03:03:46 [TestNG-test-Smoke Tests-1] INFO  com.naveen.pages.CartPage - Clicked checkout button
2026-04-06 03:03:46 [TestNG-test-Smoke Tests-1] INFO  com.naveen.pages.CartPage - Checkout step one URL confirmed
2026-04-06 03:03:46 [TestNG-test-Smoke Tests-1] INFO  com.naveen.pages.CheckoutPage - Entered first name: John
2026-04-06 03:03:46 [TestNG-test-Smoke Tests-1] INFO  com.naveen.pages.CheckoutPage - Entered last name: Doe
2026-04-06 03:03:46 [TestNG-test-Smoke Tests-1] INFO  com.naveen.pages.CheckoutPage - Entered zip code: 12345
2026-04-06 03:03:46 [TestNG-test-Smoke Tests-1] INFO  com.naveen.pages.CheckoutPage - Filled shipping info for: John Doe
2026-04-06 03:03:46 [TestNG-test-Smoke Tests-1] INFO  com.naveen.pages.CheckoutPage - Clicked continue button
2026-04-06 03:03:46 [TestNG-test-Smoke Tests-1] INFO  com.naveen.pages.CheckoutPage - Clicked finish button
2026-04-06 03:04:18 [TestNG-test-Smoke Tests-1] INFO  com.naveen.utils.ScreenshotUtils - Screenshot saved: test-output/screenshots/verifyCheckoutFlow_2026-04-06_03-04-17.png
2026-04-06 03:04:18 [TestNG-test-Smoke Tests-1] ERROR com.naveen.base.BaseTest - Test FAILED: verifyCheckoutFlow
2026-04-06 03:04:19 [TestNG-test-Smoke Tests-1] INFO  com.naveen.base.BaseTest - Browser closed
2026-04-06 03:04:19 [TestNG-test-Smoke Tests-1] INFO  com.naveen.base.BaseTest - Starting test: verifyHomePageTitle
2026-04-06 03:04:19 [TestNG-test-Smoke Tests-1] INFO  com.naveen.base.BaseTest - Launching browser: chrome
2026-04-06 03:04:22 [TestNG-test-Smoke Tests-1] INFO  com.naveen.base.BaseTest - Navigated to: https://www.saucedemo.com
2026-04-06 03:04:22 [TestNG-test-Smoke Tests-1] INFO  com.naveen.tests.SmokeTest - Page title is: Swag Labs
2026-04-06 03:04:22 [TestNG-test-Smoke Tests-1] INFO  com.naveen.tests.SmokeTest - Smoke test passed - Swag Labs title verified
2026-04-06 03:04:22 [TestNG-test-Smoke Tests-1] INFO  com.naveen.base.BaseTest - Test PASSED: verifyHomePageTitle
2026-04-06 03:04:22 [TestNG-test-Smoke Tests-1] INFO  com.naveen.base.BaseTest - Browser closed
2026-04-06 03:10:28 [TestNG-test-Login Tests-1] INFO  com.naveen.base.BaseTest - Starting test: verifyEmptyUsername
2026-04-06 03:10:28 [TestNG-test-Login Tests-1] INFO  com.naveen.base.BaseTest - Launching browser: chrome
2026-04-06 03:10:32 [TestNG-test-Login Tests-1] INFO  com.naveen.base.BaseTest - Navigated to: https://www.saucedemo.com
2026-04-06 03:10:33 [TestNG-test-Login Tests-1] INFO  com.naveen.pages.LoginPage - Clicked login button
2026-04-06 03:10:33 [TestNG-test-Login Tests-1] INFO  com.naveen.pages.LoginPage - Error message: Epic sadface: Username is required
2026-04-06 03:10:33 [TestNG-test-Login Tests-1] INFO  com.naveen.tests.LoginTest - Verified empty username error: Epic sadface: Username is required
2026-04-06 03:10:33 [TestNG-test-Login Tests-1] INFO  com.naveen.base.BaseTest - Test PASSED: verifyEmptyUsername
2026-04-06 03:10:33 [TestNG-test-Login Tests-1] INFO  com.naveen.base.BaseTest - Browser closed
2026-04-06 03:10:33 [TestNG-test-Login Tests-1] INFO  com.naveen.base.BaseTest - Starting test: verifyInvalidPassword
2026-04-06 03:10:33 [TestNG-test-Login Tests-1] INFO  com.naveen.base.BaseTest - Launching browser: chrome
2026-04-06 03:10:35 [TestNG-test-Login Tests-1] INFO  com.naveen.base.BaseTest - Navigated to: https://www.saucedemo.com
2026-04-06 03:10:35 [TestNG-test-Login Tests-1] INFO  com.naveen.pages.LoginPage - Entered username: standard_user
2026-04-06 03:10:35 [TestNG-test-Login Tests-1] INFO  com.naveen.pages.LoginPage - Entered password
2026-04-06 03:10:35 [TestNG-test-Login Tests-1] INFO  com.naveen.pages.LoginPage - Clicked login button
2026-04-06 03:10:35 [TestNG-test-Login Tests-1] INFO  com.naveen.pages.LoginPage - Error message: Epic sadface: Username and password do not match any user in this service
2026-04-06 03:10:35 [TestNG-test-Login Tests-1] INFO  com.naveen.tests.LoginTest - Verified invalid password error: Epic sadface: Username and password do not match any user in this service
2026-04-06 03:10:35 [TestNG-test-Login Tests-1] INFO  com.naveen.base.BaseTest - Test PASSED: verifyInvalidPassword
2026-04-06 03:10:35 [TestNG-test-Login Tests-1] INFO  com.naveen.base.BaseTest - Browser closed
2026-04-06 03:10:35 [TestNG-test-Login Tests-1] INFO  com.naveen.base.BaseTest - Starting test: verifyLockedOutUser
2026-04-06 03:10:35 [TestNG-test-Login Tests-1] INFO  com.naveen.base.BaseTest - Launching browser: chrome
2026-04-06 03:10:37 [TestNG-test-Login Tests-1] INFO  com.naveen.base.BaseTest - Navigated to: https://www.saucedemo.com
2026-04-06 03:10:37 [TestNG-test-Login Tests-1] INFO  com.naveen.pages.LoginPage - Entered username: locked_out_user
2026-04-06 03:10:37 [TestNG-test-Login Tests-1] INFO  com.naveen.pages.LoginPage - Entered password
2026-04-06 03:10:37 [TestNG-test-Login Tests-1] INFO  com.naveen.pages.LoginPage - Clicked login button
2026-04-06 03:10:37 [TestNG-test-Login Tests-1] INFO  com.naveen.pages.LoginPage - Error message: Epic sadface: Sorry, this user has been locked out.
2026-04-06 03:10:37 [TestNG-test-Login Tests-1] INFO  com.naveen.tests.LoginTest - Verified locked out user error: Epic sadface: Sorry, this user has been locked out.
2026-04-06 03:10:37 [TestNG-test-Login Tests-1] INFO  com.naveen.base.BaseTest - Test PASSED: verifyLockedOutUser
2026-04-06 03:10:37 [TestNG-test-Login Tests-1] INFO  com.naveen.base.BaseTest - Browser closed
2026-04-06 03:10:37 [TestNG-test-Login Tests-1] INFO  com.naveen.base.BaseTest - Starting test: verifySuccessfulLogin
2026-04-06 03:10:37 [TestNG-test-Login Tests-1] INFO  com.naveen.base.BaseTest - Launching browser: chrome
2026-04-06 03:10:39 [TestNG-test-Login Tests-1] INFO  com.naveen.base.BaseTest - Navigated to: https://www.saucedemo.com
2026-04-06 03:10:39 [TestNG-test-Login Tests-1] INFO  com.naveen.pages.LoginPage - Entered username: standard_user
2026-04-06 03:10:39 [TestNG-test-Login Tests-1] INFO  com.naveen.pages.LoginPage - Entered password
2026-04-06 03:10:39 [TestNG-test-Login Tests-1] INFO  com.naveen.pages.LoginPage - Clicked login button
2026-04-06 03:10:39 [TestNG-test-Login Tests-1] INFO  com.naveen.tests.LoginTest - Verified successful login
2026-04-06 03:10:39 [TestNG-test-Login Tests-1] INFO  com.naveen.base.BaseTest - Test PASSED: verifySuccessfulLogin
2026-04-06 03:10:39 [TestNG-test-Login Tests-1] INFO  com.naveen.base.BaseTest - Browser closed
2026-04-06 03:10:39 [TestNG-test-Checkout Tests-1] INFO  com.naveen.base.BaseTest - Starting test: verifyCartBadgeCount
2026-04-06 03:10:39 [TestNG-test-Checkout Tests-1] INFO  com.naveen.base.BaseTest - Launching browser: chrome
2026-04-06 03:10:41 [TestNG-test-Checkout Tests-1] INFO  com.naveen.base.BaseTest - Navigated to: https://www.saucedemo.com
2026-04-06 03:10:41 [TestNG-test-Checkout Tests-1] INFO  com.naveen.pages.LoginPage - Entered username: standard_user
2026-04-06 03:10:41 [TestNG-test-Checkout Tests-1] INFO  com.naveen.pages.LoginPage - Entered password
2026-04-06 03:10:41 [TestNG-test-Checkout Tests-1] INFO  com.naveen.pages.LoginPage - Clicked login button
2026-04-06 03:10:41 [TestNG-test-Checkout Tests-1] INFO  com.naveen.pages.ProductsPage - Added Sauce Labs Backpack to cart
2026-04-06 03:10:41 [TestNG-test-Checkout Tests-1] INFO  com.naveen.pages.ProductsPage - Cart badge count: 1
2026-04-06 03:10:41 [TestNG-test-Checkout Tests-1] INFO  com.naveen.tests.CheckoutTest - Verified cart badge count is 1
2026-04-06 03:10:41 [TestNG-test-Checkout Tests-1] INFO  com.naveen.base.BaseTest - Test PASSED: verifyCartBadgeCount
2026-04-06 03:10:41 [TestNG-test-Checkout Tests-1] INFO  com.naveen.base.BaseTest - Browser closed
2026-04-06 03:10:41 [TestNG-test-Checkout Tests-1] INFO  com.naveen.base.BaseTest - Starting test: verifyCartItemDisplayed
2026-04-06 03:10:41 [TestNG-test-Checkout Tests-1] INFO  com.naveen.base.BaseTest - Launching browser: chrome
2026-04-06 03:10:43 [TestNG-test-Checkout Tests-1] INFO  com.naveen.base.BaseTest - Navigated to: https://www.saucedemo.com
2026-04-06 03:10:43 [TestNG-test-Checkout Tests-1] INFO  com.naveen.pages.LoginPage - Entered username: standard_user
2026-04-06 03:10:43 [TestNG-test-Checkout Tests-1] INFO  com.naveen.pages.LoginPage - Entered password
2026-04-06 03:10:43 [TestNG-test-Checkout Tests-1] INFO  com.naveen.pages.LoginPage - Clicked login button
2026-04-06 03:10:43 [TestNG-test-Checkout Tests-1] INFO  com.naveen.pages.ProductsPage - Added Sauce Labs Backpack to cart
2026-04-06 03:10:43 [TestNG-test-Checkout Tests-1] INFO  com.naveen.pages.ProductsPage - Clicked cart icon
2026-04-06 03:10:43 [TestNG-test-Checkout Tests-1] INFO  com.naveen.pages.CartPage - Cart item displayed: true
2026-04-06 03:10:43 [TestNG-test-Checkout Tests-1] INFO  com.naveen.pages.CartPage - Cart item name: Sauce Labs Backpack
2026-04-06 03:10:43 [TestNG-test-Checkout Tests-1] INFO  com.naveen.tests.CheckoutTest - Verified cart item is displayed correctly
2026-04-06 03:10:43 [TestNG-test-Checkout Tests-1] INFO  com.naveen.base.BaseTest - Test PASSED: verifyCartItemDisplayed
2026-04-06 03:10:43 [TestNG-test-Checkout Tests-1] INFO  com.naveen.base.BaseTest - Browser closed
2026-04-06 03:10:43 [TestNG-test-Checkout Tests-1] INFO  com.naveen.base.BaseTest - Starting test: verifyCheckoutWithEmptyInfo
2026-04-06 03:10:43 [TestNG-test-Checkout Tests-1] INFO  com.naveen.base.BaseTest - Launching browser: chrome
2026-04-06 03:10:45 [TestNG-test-Checkout Tests-1] INFO  com.naveen.base.BaseTest - Navigated to: https://www.saucedemo.com
2026-04-06 03:10:45 [TestNG-test-Checkout Tests-1] INFO  com.naveen.pages.LoginPage - Entered username: standard_user
2026-04-06 03:10:45 [TestNG-test-Checkout Tests-1] INFO  com.naveen.pages.LoginPage - Entered password
2026-04-06 03:10:45 [TestNG-test-Checkout Tests-1] INFO  com.naveen.pages.LoginPage - Clicked login button
2026-04-06 03:10:45 [TestNG-test-Checkout Tests-1] INFO  com.naveen.pages.ProductsPage - Added Sauce Labs Backpack to cart
2026-04-06 03:10:45 [TestNG-test-Checkout Tests-1] INFO  com.naveen.pages.ProductsPage - Clicked cart icon
2026-04-06 03:10:45 [TestNG-test-Checkout Tests-1] INFO  com.naveen.pages.CartPage - Clicked checkout button
2026-04-06 03:10:45 [TestNG-test-Checkout Tests-1] INFO  com.naveen.pages.CartPage - Checkout step one URL confirmed
2026-04-06 03:10:45 [TestNG-test-Checkout Tests-1] INFO  com.naveen.pages.CheckoutPage - Clicked continue button
2026-04-06 03:10:45 [TestNG-test-Checkout Tests-1] INFO  com.naveen.pages.CheckoutPage - Error message: Error: First Name is required
2026-04-06 03:10:45 [TestNG-test-Checkout Tests-1] INFO  com.naveen.tests.CheckoutTest - Verified empty checkout info error: Error: First Name is required
2026-04-06 03:10:45 [TestNG-test-Checkout Tests-1] INFO  com.naveen.base.BaseTest - Test PASSED: verifyCheckoutWithEmptyInfo
2026-04-06 03:10:45 [TestNG-test-Checkout Tests-1] INFO  com.naveen.base.BaseTest - Browser closed
2026-04-06 03:10:45 [TestNG-test-Checkout Tests-1] INFO  com.naveen.base.BaseTest - Starting test: verifySuccessfulCheckout
2026-04-06 03:10:45 [TestNG-test-Checkout Tests-1] INFO  com.naveen.base.BaseTest - Launching browser: chrome
2026-04-06 03:10:47 [TestNG-test-Checkout Tests-1] INFO  com.naveen.base.BaseTest - Navigated to: https://www.saucedemo.com
2026-04-06 03:10:47 [TestNG-test-Checkout Tests-1] INFO  com.naveen.pages.LoginPage - Entered username: standard_user
2026-04-06 03:10:47 [TestNG-test-Checkout Tests-1] INFO  com.naveen.pages.LoginPage - Entered password
2026-04-06 03:10:47 [TestNG-test-Checkout Tests-1] INFO  com.naveen.pages.LoginPage - Clicked login button
2026-04-06 03:10:47 [TestNG-test-Checkout Tests-1] INFO  com.naveen.pages.ProductsPage - Added Sauce Labs Backpack to cart
2026-04-06 03:10:47 [TestNG-test-Checkout Tests-1] INFO  com.naveen.pages.ProductsPage - Clicked cart icon
2026-04-06 03:10:47 [TestNG-test-Checkout Tests-1] INFO  com.naveen.pages.CartPage - Clicked checkout button
2026-04-06 03:10:47 [TestNG-test-Checkout Tests-1] INFO  com.naveen.pages.CartPage - Checkout step one URL confirmed
2026-04-06 03:10:47 [TestNG-test-Checkout Tests-1] INFO  com.naveen.pages.CheckoutPage - Entered first name: John
2026-04-06 03:10:47 [TestNG-test-Checkout Tests-1] INFO  com.naveen.pages.CheckoutPage - Entered last name: Doe
2026-04-06 03:10:48 [TestNG-test-Checkout Tests-1] INFO  com.naveen.pages.CheckoutPage - Entered zip code: 12345
2026-04-06 03:10:48 [TestNG-test-Checkout Tests-1] INFO  com.naveen.pages.CheckoutPage - Filled shipping info for: John Doe
2026-04-06 03:10:48 [TestNG-test-Checkout Tests-1] INFO  com.naveen.pages.CheckoutPage - Clicked continue button
2026-04-06 03:10:48 [TestNG-test-Checkout Tests-1] INFO  com.naveen.pages.CheckoutPage - Clicked finish button
2026-04-06 03:10:48 [TestNG-test-Checkout Tests-1] INFO  com.naveen.pages.OrderConfirmationPage - Order confirmed: true
2026-04-06 03:10:48 [TestNG-test-Checkout Tests-1] INFO  com.naveen.tests.CheckoutTest - Verified successful checkout
2026-04-06 03:10:48 [TestNG-test-Checkout Tests-1] INFO  com.naveen.base.BaseTest - Test PASSED: verifySuccessfulCheckout
2026-04-06 03:10:48 [TestNG-test-Checkout Tests-1] INFO  com.naveen.base.BaseTest - Browser closed
2026-04-06 03:10:48 [TestNG-test-Smoke Tests-1] INFO  com.naveen.base.BaseTest - Starting test: verifyCheckoutFlow
2026-04-06 03:10:48 [TestNG-test-Smoke Tests-1] INFO  com.naveen.base.BaseTest - Launching browser: chrome
2026-04-06 03:10:49 [TestNG-test-Smoke Tests-1] INFO  com.naveen.base.BaseTest - Navigated to: https://www.saucedemo.com
2026-04-06 03:10:50 [TestNG-test-Smoke Tests-1] INFO  com.naveen.pages.LoginPage - Entered username: standard_user
2026-04-06 03:10:50 [TestNG-test-Smoke Tests-1] INFO  com.naveen.pages.LoginPage - Entered password
2026-04-06 03:10:50 [TestNG-test-Smoke Tests-1] INFO  com.naveen.pages.LoginPage - Clicked login button
2026-04-06 03:10:50 [TestNG-test-Smoke Tests-1] INFO  com.naveen.pages.ProductsPage - Added Sauce Labs Backpack to cart
2026-04-06 03:10:50 [TestNG-test-Smoke Tests-1] INFO  com.naveen.pages.ProductsPage - Cart badge count: 1
2026-04-06 03:10:50 [TestNG-test-Smoke Tests-1] INFO  com.naveen.pages.ProductsPage - Clicked cart icon
2026-04-06 03:10:50 [TestNG-test-Smoke Tests-1] INFO  com.naveen.pages.CartPage - Cart item displayed: true
2026-04-06 03:10:50 [TestNG-test-Smoke Tests-1] INFO  com.naveen.pages.CartPage - Clicked checkout button
2026-04-06 03:10:50 [TestNG-test-Smoke Tests-1] INFO  com.naveen.pages.CartPage - Checkout step one URL confirmed
2026-04-06 03:10:50 [TestNG-test-Smoke Tests-1] INFO  com.naveen.pages.CheckoutPage - Entered first name: John
2026-04-06 03:10:50 [TestNG-test-Smoke Tests-1] INFO  com.naveen.pages.CheckoutPage - Entered last name: Doe
2026-04-06 03:10:50 [TestNG-test-Smoke Tests-1] INFO  com.naveen.pages.CheckoutPage - Entered zip code: 12345
2026-04-06 03:10:50 [TestNG-test-Smoke Tests-1] INFO  com.naveen.pages.CheckoutPage - Filled shipping info for: John Doe
2026-04-06 03:10:50 [TestNG-test-Smoke Tests-1] INFO  com.naveen.pages.CheckoutPage - Clicked continue button
2026-04-06 03:10:50 [TestNG-test-Smoke Tests-1] INFO  com.naveen.pages.CheckoutPage - Clicked finish button
2026-04-06 03:10:50 [TestNG-test-Smoke Tests-1] INFO  com.naveen.pages.OrderConfirmationPage - Order confirmed: true
2026-04-06 03:10:50 [TestNG-test-Smoke Tests-1] INFO  com.naveen.tests.SmokeTest - End-to-end checkout flow passed
2026-04-06 03:10:50 [TestNG-test-Smoke Tests-1] INFO  com.naveen.base.BaseTest - Test PASSED: verifyCheckoutFlow
2026-04-06 03:10:50 [TestNG-test-Smoke Tests-1] INFO  com.naveen.base.BaseTest - Browser closed
2026-04-06 03:10:50 [TestNG-test-Smoke Tests-1] INFO  com.naveen.base.BaseTest - Starting test: verifyHomePageTitle
2026-04-06 03:10:50 [TestNG-test-Smoke Tests-1] INFO  com.naveen.base.BaseTest - Launching browser: chrome
2026-04-06 03:10:52 [TestNG-test-Smoke Tests-1] INFO  com.naveen.base.BaseTest - Navigated to: https://www.saucedemo.com
2026-04-06 03:10:52 [TestNG-test-Smoke Tests-1] INFO  com.naveen.tests.SmokeTest - Page title is: Swag Labs
2026-04-06 03:10:52 [TestNG-test-Smoke Tests-1] INFO  com.naveen.tests.SmokeTest - Smoke test passed - Swag Labs title verified
2026-04-06 03:10:52 [TestNG-test-Smoke Tests-1] INFO  com.naveen.base.BaseTest - Test PASSED: verifyHomePageTitle
2026-04-06 03:10:52 [TestNG-test-Smoke Tests-1] INFO  com.naveen.base.BaseTest - Browser closed
